-------------------------------------------------------------------------------
Test set: Generate Token Account
-------------------------------------------------------------------------------
Tests run: 3, Failures: 1, Errors: 0, Skipped: 0, Time elapsed: 14.633 s <<< FAILURE! - in Generate Token Account
Generate Token Account.Generate token with valid username and password  Time elapsed: 11.382 s  <<< FAILURE!
java.lang.AssertionError: 
1 expectation failed.
JSON path status doesn't match.
Expected: Success
  Actual: Failed


