<?xml version="1.0" encoding="UTF-8"?>
<testsuite xmlns:xsi="http://www.w3.org/2001/XMLSchema-instance" xsi:noNamespaceSchemaLocation="https://maven.apache.org/surefire/maven-failsafe-plugin/xsd/failsafe-test-report-3.0.xsd" version="3.0" name="CucumberTestSuite" time="299.673" tests="12" errors="0" skipped="0" failures="0">
  <properties>
[...]
</properties>
  <testcase name="See Information of Git Pocket Guide Book" classname="See Information" time="52.229">
    <system-out><![CDATA[16:19:16.756 [main] INFO io.cucumber.core.plugin.SerenityReporter - Running feature from file:///D:/File%20Baru/Kuliah/Quality%20Engineer/qe_Bayu-Septyan-Nur-Hidayat/21_Review_Web_UI_Testing_with_Serenity/Praktikum/untitled/src/test/resources/features/CartToCollection.feature
16:19:17.071 [main] INFO  - 

-------------------------------------------------------------------------------------
     _______. _______ .______       _______ .__   __.  __  .___________.____    ____ 
    /       ||   ____||   _  \     |   ____||  \ |  | |  | |           |\   \  /   / 
   |   (----`|  |__   |  |_)  |    |  |__   |   \|  | |  | `---|  |----` \   \/   /  
    \   \    |   __|  |      /     |   __|  |  . `  | |  |     |  |       \_    _/   
.----)   |   |  |____ |  |\  \----.|  |____ |  |\   | |  |     |  |         |  |     
|_______/    |_______|| _| `._____||_______||__| \__| |__|     |__|         |__|    
                                                                                     
 News and tutorials at http://www.serenity-bdd.info                                  
 Documentation at https://wakaleo.gitbooks.io/the-serenity-book/content/             
 Join the Serenity Community on Gitter: https://gitter.im/serenity-bdd/serenity-core 
 Serenity BDD Support and Training at http://serenity-bdd.info/#/trainingandsupport  
-------------------------------------------------------------------------------------

16:19:17.076 [main] DEBUG net.thucydides.core.steps.StepEventBus - Test suite started for story net.thucydides.core.model.Story@59e3786f
16:19:17.082 [main] INFO  - Test Suite Started: See Information
16:19:17.108 [main] INFO io.cucumber.core.plugin.SerenityReporter - Running feature from file:///D:/File%20Baru/Kuliah/Quality%20Engineer/qe_Bayu-Septyan-Nur-Hidayat/21_Review_Web_UI_Testing_with_Serenity/Praktikum/untitled/src/test/resources/features/Login.feature
16:19:17.118 [main] DEBUG net.thucydides.core.steps.StepEventBus - Test suite started for story net.thucydides.core.model.Story@23282f08
16:19:17.121 [main] INFO  - Test Suite Started: Login
16:19:17.121 [main] INFO io.cucumber.core.plugin.SerenityReporter - Running feature from file:///D:/File%20Baru/Kuliah/Quality%20Engineer/qe_Bayu-Septyan-Nur-Hidayat/21_Review_Web_UI_Testing_with_Serenity/Praktikum/untitled/src/test/resources/features/CartToCollection.feature
16:19:17.127 [main] DEBUG net.thucydides.core.steps.StepEventBus - Test suite started for story net.thucydides.core.model.Story@59e3786f
16:19:17.128 [main] INFO  - Test Suite Started: See Information

Scenario: See Information of Git Pocket Guide Book &amp#27;[90m# src/test/resources/features/CartToCollection.feature:6&amp#27;[0m
16:19:17.292 [main] INFO io.cucumber.core.plugin.SerenityReporter - Running feature from file:///D:/File%20Baru/Kuliah/Quality%20Engineer/qe_Bayu-Septyan-Nur-Hidayat/21_Review_Web_UI_Testing_with_Serenity/Praktikum/untitled/src/test/resources/features/CartToCollection.feature
16:19:17.492 [main] INFO  - 
  _____   ___   ___   _____     ___   _____     _     ___   _____   ___   ___  
 |_   _| | __| / __| |_   _|   / __| |_   _|   /_\   | _ \ |_   _| | __| |   \ 
   | |   | _|  \__ \   | |     \__ \   | |    / _ \  |   /   | |   | _|  | |) |
   |_|   |___| |___/   |_|     |___/   |_|   /_/ \_\ |_|_\   |_|   |___| |___/ 

See Information of Git Pocket Guide Book(see-information;see-information-of-git-pocket-guide-book)
--------------------------------------------------------------------------------
16:19:20.147 [main] DEBUG io.github.bonigarcia.wdm.cache.ResolutionCache - Removing resolution edge=105 from cache (expired on Tue Oct 04 11:25:24 ICT 2022)
16:19:20.189 [main] DEBUG org.apache.hc.client5.http.impl.classic.InternalHttpClient - ex-00000001: preparing request execution
16:19:20.198 [main] DEBUG org.apache.hc.client5.http.protocol.RequestAddCookies - Cookie spec selected: strict
16:19:20.209 [main] DEBUG org.apache.hc.client5.http.protocol.RequestAuthCache - Auth cache not set in the context
16:19:20.209 [main] DEBUG org.apache.hc.client5.http.impl.classic.ProtocolExec - ex-00000001: target auth state: UNCHALLENGED
16:19:20.211 [main] DEBUG org.apache.hc.client5.http.impl.classic.ProtocolExec - ex-00000001: proxy auth state: UNCHALLENGED
16:19:20.211 [main] DEBUG org.apache.hc.client5.http.impl.classic.ConnectExec - ex-00000001: acquiring connection with route {s}->https://raw.githubusercontent.com:443
16:19:20.211 [main] DEBUG org.apache.hc.client5.http.impl.classic.InternalHttpClient - ex-00000001: acquiring endpoint (3 MINUTES)
16:19:20.216 [main] DEBUG org.apache.hc.client5.http.impl.io.PoolingHttpClientConnectionManager - ex-00000001: endpoint lease request (3 MINUTES) [route: {s}->https://raw.githubusercontent.com:443][total available: 0; route allocated: 0 of 5; total allocated: 0 of 25]
16:19:20.226 [main] DEBUG org.apache.hc.client5.http.impl.io.PoolingHttpClientConnectionManager - ex-00000001: endpoint leased [route: {s}->https://raw.githubusercontent.com:443][total available: 0; route allocated: 1 of 5; total allocated: 1 of 25]
16:19:20.256 [main] DEBUG org.apache.hc.client5.http.impl.io.PoolingHttpClientConnectionManager - ex-00000001: acquired ep-00000000
16:19:20.256 [main] DEBUG org.apache.hc.client5.http.impl.classic.InternalHttpClient - ex-00000001: acquired endpoint ep-00000000
16:19:20.256 [main] DEBUG org.apache.hc.client5.http.impl.classic.ConnectExec - ex-00000001: opening connection {s}->https://raw.githubusercontent.com:443
16:19:20.259 [main] DEBUG org.apache.hc.client5.http.impl.classic.InternalHttpClient - ep-00000000: connecting endpoint (30 SECONDS)
16:19:20.261 [main] DEBUG org.apache.hc.client5.http.impl.io.PoolingHttpClientConnectionManager - ep-00000000: connecting endpoint to https://raw.githubusercontent.com:443 (30 SECONDS)
16:19:20.589 [main] DEBUG org.apache.hc.client5.http.impl.io.DefaultHttpClientConnectionOperator - http-outgoing-0: connecting to raw.githubusercontent.com/185.199.110.133:443
16:19:20.590 [main] DEBUG org.apache.hc.client5.http.ssl.SSLConnectionSocketFactory - Connecting socket to raw.githubusercontent.com/185.199.110.133:443 with timeout 30 SECONDS
16:19:20.745 [main] DEBUG org.apache.hc.client5.http.ssl.SSLConnectionSocketFactory - Enabled protocols: [TLSv1.3, TLSv1.2]
16:19:20.746 [main] DEBUG org.apache.hc.client5.http.ssl.SSLConnectionSocketFactory - Enabled cipher suites: [TLS_AES_256_GCM_SHA384, TLS_AES_128_GCM_SHA256, TLS_CHACHA20_POLY1305_SHA256, TLS_ECDHE_ECDSA_WITH_AES_256_GCM_SHA384, TLS_ECDHE_ECDSA_WITH_AES_128_GCM_SHA256, TLS_ECDHE_ECDSA_WITH_CHACHA20_POLY1305_SHA256, TLS_ECDHE_RSA_WITH_AES_256_GCM_SHA384, TLS_ECDHE_RSA_WITH_CHACHA20_POLY1305_SHA256, TLS_ECDHE_RSA_WITH_AES_128_GCM_SHA256, TLS_DHE_RSA_WITH_AES_256_GCM_SHA384, TLS_DHE_RSA_WITH_CHACHA20_POLY1305_SHA256, TLS_DHE_DSS_WITH_AES_256_GCM_SHA384, TLS_DHE_RSA_WITH_AES_128_GCM_SHA256, TLS_DHE_DSS_WITH_AES_128_GCM_SHA256, TLS_ECDHE_ECDSA_WITH_AES_256_CBC_SHA384, TLS_ECDHE_RSA_WITH_AES_256_CBC_SHA384, TLS_ECDHE_ECDSA_WITH_AES_128_CBC_SHA256, TLS_ECDHE_RSA_WITH_AES_128_CBC_SHA256, TLS_DHE_RSA_WITH_AES_256_CBC_SHA256, TLS_DHE_DSS_WITH_AES_256_CBC_SHA256, TLS_DHE_RSA_WITH_AES_128_CBC_SHA256, TLS_DHE_DSS_WITH_AES_128_CBC_SHA256, TLS_ECDH_ECDSA_WITH_AES_256_GCM_SHA384, TLS_ECDH_RSA_WITH_AES_256_GCM_SHA384, TLS_ECDH_ECDSA_WITH_AES_128_GCM_SHA256, TLS_ECDH_RSA_WITH_AES_128_GCM_SHA256, TLS_ECDH_ECDSA_WITH_AES_256_CBC_SHA384, TLS_ECDH_RSA_WITH_AES_256_CBC_SHA384, TLS_ECDH_ECDSA_WITH_AES_128_CBC_SHA256, TLS_ECDH_RSA_WITH_AES_128_CBC_SHA256, TLS_ECDHE_ECDSA_WITH_AES_256_CBC_SHA, TLS_ECDHE_RSA_WITH_AES_256_CBC_SHA, TLS_ECDHE_ECDSA_WITH_AES_128_CBC_SHA, TLS_ECDHE_RSA_WITH_AES_128_CBC_SHA, TLS_DHE_RSA_WITH_AES_256_CBC_SHA, TLS_DHE_DSS_WITH_AES_256_CBC_SHA, TLS_DHE_RSA_WITH_AES_128_CBC_SHA, TLS_DHE_DSS_WITH_AES_128_CBC_SHA, TLS_ECDH_ECDSA_WITH_AES_256_CBC_SHA, TLS_ECDH_RSA_WITH_AES_256_CBC_SHA, TLS_ECDH_ECDSA_WITH_AES_128_CBC_SHA, TLS_ECDH_RSA_WITH_AES_128_CBC_SHA, TLS_RSA_WITH_AES_256_GCM_SHA384, TLS_RSA_WITH_AES_128_GCM_SHA256, TLS_RSA_WITH_AES_256_CBC_SHA256, TLS_RSA_WITH_AES_128_CBC_SHA256, TLS_RSA_WITH_AES_256_CBC_SHA, TLS_RSA_WITH_AES_128_CBC_SHA, TLS_EMPTY_RENEGOTIATION_INFO_SCSV]
16:19:20.747 [main] DEBUG org.apache.hc.client5.http.ssl.SSLConnectionSocketFactory - Starting handshake
16:19:21.063 [main] DEBUG org.apache.hc.client5.http.ssl.SSLConnectionSocketFactory - Secure session established
16:19:21.063 [main] DEBUG org.apache.hc.client5.http.ssl.SSLConnectionSocketFactory -  negotiated protocol: TLSv1.3
16:19:21.063 [main] DEBUG org.apache.hc.client5.http.ssl.SSLConnectionSocketFactory -  negotiated cipher suite: TLS_AES_256_GCM_SHA384
16:19:21.063 [main] DEBUG org.apache.hc.client5.http.ssl.SSLConnectionSocketFactory -  peer principal: CN=*.github.io, O="GitHub, Inc.", L=San Francisco, ST=California, C=US
16:19:21.067 [main] DEBUG org.apache.hc.client5.http.ssl.SSLConnectionSocketFactory -  peer alternative names: [*.github.io, github.com, *.github.com, www.github.com, github.io, githubusercontent.com, *.githubusercontent.com]
16:19:21.067 [main] DEBUG org.apache.hc.client5.http.ssl.SSLConnectionSocketFactory -  issuer principal: CN=DigiCert TLS RSA SHA256 2020 CA1, O=DigiCert Inc, C=US
16:19:21.068 [main] DEBUG org.apache.hc.client5.http.impl.io.DefaultHttpClientConnectionOperator - http-outgoing-0: connection established 192.168.245.234:8955<->185.199.110.133:443
16:19:21.070 [main] DEBUG org.apache.hc.client5.http.impl.io.PoolingHttpClientConnectionManager - ep-00000000: connected http-outgoing-0
16:19:21.070 [main] DEBUG org.apache.hc.client5.http.impl.classic.InternalHttpClient - ep-00000000: endpoint connected
16:19:21.071 [main] DEBUG org.apache.hc.client5.http.impl.classic.MainClientExec - ex-00000001: executing GET /bonigarcia/webdrivermanager/master/src/main/resources/commands.properties HTTP/1.1
16:19:21.072 [main] DEBUG org.apache.hc.client5.http.impl.classic.InternalHttpClient - ep-00000000: start execution ex-00000001
16:19:21.072 [main] DEBUG org.apache.hc.client5.http.impl.io.PoolingHttpClientConnectionManager - ep-00000000: executing exchange ex-00000001 over http-outgoing-0
16:19:21.072 [main] DEBUG org.apache.hc.client5.http.headers - http-outgoing-0 >> GET /bonigarcia/webdrivermanager/master/src/main/resources/commands.properties HTTP/1.1
16:19:21.073 [main] DEBUG org.apache.hc.client5.http.headers - http-outgoing-0 >> user-agent: Apache-HttpClient/5.0
16:19:21.073 [main] DEBUG org.apache.hc.client5.http.headers - http-outgoing-0 >> accept-encoding: gzip, deflate, br
16:19:21.073 [main] DEBUG org.apache.hc.client5.http.headers - http-outgoing-0 >> cache-control: max-age=0
16:19:21.073 [main] DEBUG org.apache.hc.client5.http.headers - http-outgoing-0 >> connection: keep-alive
16:19:21.073 [main] DEBUG org.apache.hc.client5.http.headers - http-outgoing-0 >> Host: raw.githubusercontent.com
16:19:21.073 [main] DEBUG org.apache.hc.client5.http.wire - http-outgoing-0 >> "GET /bonigarcia/webdrivermanager/master/src/main/resources/commands.properties HTTP/1.1[\r][\n]"
16:19:21.073 [main] DEBUG org.apache.hc.client5.http.wire - http-outgoing-0 >> "user-agent: Apache-HttpClient/5.0[\r][\n]"
16:19:21.073 [main] DEBUG org.apache.hc.client5.http.wire - http-outgoing-0 >> "accept-encoding: gzip, deflate, br[\r][\n]"
16:19:21.073 [main] DEBUG org.apache.hc.client5.http.wire - http-outgoing-0 >> "cache-control: max-age=0[\r][\n]"
16:19:21.073 [main] DEBUG org.apache.hc.client5.http.wire - http-outgoing-0 >> "connection: keep-alive[\r][\n]"
16:19:21.074 [main] DEBUG org.apache.hc.client5.http.wire - http-outgoing-0 >> "Host: raw.githubusercontent.com[\r][\n]"
16:19:21.074 [main] DEBUG org.apache.hc.client5.http.wire - http-outgoing-0 >> "[\r][\n]"
16:19:21.143 [main] DEBUG org.apache.hc.client5.http.wire - http-outgoing-0 << "HTTP/1.1 200 OK[\r][\n]"
16:19:21.144 [main] DEBUG org.apache.hc.client5.http.wire - http-outgoing-0 << "Connection: keep-alive[\r][\n]"
16:19:21.144 [main] DEBUG org.apache.hc.client5.http.wire - http-outgoing-0 << "Content-Length: 723[\r][\n]"
16:19:21.144 [main] DEBUG org.apache.hc.client5.http.wire - http-outgoing-0 << "Cache-Control: max-age=300[\r][\n]"
16:19:21.144 [main] DEBUG org.apache.hc.client5.http.wire - http-outgoing-0 << "Content-Security-Policy: default-src 'none'; style-src 'unsafe-inline'; sandbox[\r][\n]"
16:19:21.145 [main] DEBUG org.apache.hc.client5.http.wire - http-outgoing-0 << "Content-Type: text/plain; charset=utf-8[\r][\n]"
16:19:21.145 [main] DEBUG org.apache.hc.client5.http.wire - http-outgoing-0 << "ETag: W/"e82b438271e9e8680c688b0b680efd0bdd22faa6d6f0a32fc1fd8accc486b67e"[\r][\n]"
16:19:21.145 [main] DEBUG org.apache.hc.client5.http.wire - http-outgoing-0 << "Strict-Transport-Security: max-age=31536000[\r][\n]"
16:19:21.146 [main] DEBUG org.apache.hc.client5.http.wire - http-outgoing-0 << "X-Content-Type-Options: nosniff[\r][\n]"
16:19:21.146 [main] DEBUG org.apache.hc.client5.http.wire - http-outgoing-0 << "X-Frame-Options: deny[\r][\n]"
16:19:21.146 [main] DEBUG org.apache.hc.client5.http.wire - http-outgoing-0 << "X-XSS-Protection: 1; mode=block[\r][\n]"
16:19:21.146 [main] DEBUG org.apache.hc.client5.http.wire - http-outgoing-0 << "X-GitHub-Request-Id: DA46:43B9:557FD4:72D56C:6326560A[\r][\n]"
16:19:21.146 [main] DEBUG org.apache.hc.client5.http.wire - http-outgoing-0 << "Content-Encoding: gzip[\r][\n]"
16:19:21.147 [main] DEBUG org.apache.hc.client5.http.wire - http-outgoing-0 << "Accept-Ranges: bytes[\r][\n]"
16:19:21.147 [main] DEBUG org.apache.hc.client5.http.wire - http-outgoing-0 << "Date: Tue, 04 Oct 2022 09:19:21 GMT[\r][\n]"
16:19:21.147 [main] DEBUG org.apache.hc.client5.http.wire - http-outgoing-0 << "Via: 1.1 varnish[\r][\n]"
16:19:21.147 [main] DEBUG org.apache.hc.client5.http.wire - http-outgoing-0 << "X-Served-By: cache-qpg1268-QPG[\r][\n]"
16:19:21.147 [main] DEBUG org.apache.hc.client5.http.wire - http-outgoing-0 << "X-Cache: HIT[\r][\n]"
16:19:21.148 [main] DEBUG org.apache.hc.client5.http.wire - http-outgoing-0 << "X-Cache-Hits: 1[\r][\n]"
16:19:21.148 [main] DEBUG org.apache.hc.client5.http.wire - http-outgoing-0 << "X-Timer: S1664875161.081595,VS0,VE3[\r][\n]"
16:19:21.148 [main] DEBUG org.apache.hc.client5.http.wire - http-outgoing-0 << "Vary: Authorization,Accept-Encoding,Origin[\r][\n]"
16:19:21.148 [main] DEBUG org.apache.hc.client5.http.wire - http-outgoing-0 << "Access-Control-Allow-Origin: *[\r][\n]"
16:19:21.149 [main] DEBUG org.apache.hc.client5.http.wire - http-outgoing-0 << "X-Fastly-Request-ID: c6f1b998dfa74a3a86aca4f9ec78419678f27a55[\r][\n]"
16:19:21.149 [main] DEBUG org.apache.hc.client5.http.wire - http-outgoing-0 << "Expires: Tue, 04 Oct 2022 09:24:21 GMT[\r][\n]"
16:19:21.149 [main] DEBUG org.apache.hc.client5.http.wire - http-outgoing-0 << "Source-Age: 187[\r][\n]"
16:19:21.150 [main] DEBUG org.apache.hc.client5.http.wire - http-outgoing-0 << "[\r][\n]"
16:19:21.160 [main] DEBUG org.apache.hc.client5.http.headers - http-outgoing-0 << HTTP/1.1 200 OK
16:19:21.160 [main] DEBUG org.apache.hc.client5.http.headers - http-outgoing-0 << Connection: keep-alive
16:19:21.160 [main] DEBUG org.apache.hc.client5.http.headers - http-outgoing-0 << Content-Length: 723
16:19:21.161 [main] DEBUG org.apache.hc.client5.http.headers - http-outgoing-0 << Cache-Control: max-age=300
16:19:21.161 [main] DEBUG org.apache.hc.client5.http.headers - http-outgoing-0 << Content-Security-Policy: default-src 'none'; style-src 'unsafe-inline'; sandbox
16:19:21.161 [main] DEBUG org.apache.hc.client5.http.headers - http-outgoing-0 << Content-Type: text/plain; charset=utf-8
16:19:21.161 [main] DEBUG org.apache.hc.client5.http.headers - http-outgoing-0 << ETag: W/"e82b438271e9e8680c688b0b680efd0bdd22faa6d6f0a32fc1fd8accc486b67e"
16:19:21.161 [main] DEBUG org.apache.hc.client5.http.headers - http-outgoing-0 << Strict-Transport-Security: max-age=31536000
16:19:21.161 [main] DEBUG org.apache.hc.client5.http.headers - http-outgoing-0 << X-Content-Type-Options: nosniff
16:19:21.161 [main] DEBUG org.apache.hc.client5.http.headers - http-outgoing-0 << X-Frame-Options: deny
16:19:21.161 [main] DEBUG org.apache.hc.client5.http.headers - http-outgoing-0 << X-XSS-Protection: 1; mode=block
16:19:21.162 [main] DEBUG org.apache.hc.client5.http.headers - http-outgoing-0 << X-GitHub-Request-Id: DA46:43B9:557FD4:72D56C:6326560A
16:19:21.162 [main] DEBUG org.apache.hc.client5.http.headers - http-outgoing-0 << Content-Encoding: gzip
16:19:21.162 [main] DEBUG org.apache.hc.client5.http.headers - http-outgoing-0 << Accept-Ranges: bytes
16:19:21.162 [main] DEBUG org.apache.hc.client5.http.headers - http-outgoing-0 << Date: Tue, 04 Oct 2022 09:19:21 GMT
16:19:21.162 [main] DEBUG org.apache.hc.client5.http.headers - http-outgoing-0 << Via: 1.1 varnish
16:19:21.162 [main] DEBUG org.apache.hc.client5.http.headers - http-outgoing-0 << X-Served-By: cache-qpg1268-QPG
16:19:21.162 [main] DEBUG org.apache.hc.client5.http.headers - http-outgoing-0 << X-Cache: HIT
16:19:21.162 [main] DEBUG org.apache.hc.client5.http.headers - http-outgoing-0 << X-Cache-Hits: 1
16:19:21.163 [main] DEBUG org.apache.hc.client5.http.headers - http-outgoing-0 << X-Timer: S1664875161.081595,VS0,VE3
16:19:21.163 [main] DEBUG org.apache.hc.client5.http.headers - http-outgoing-0 << Vary: Authorization,Accept-Encoding,Origin
16:19:21.163 [main] DEBUG org.apache.hc.client5.http.headers - http-outgoing-0 << Access-Control-Allow-Origin: *
16:19:21.163 [main] DEBUG org.apache.hc.client5.http.headers - http-outgoing-0 << X-Fastly-Request-ID: c6f1b998dfa74a3a86aca4f9ec78419678f27a55
16:19:21.163 [main] DEBUG org.apache.hc.client5.http.headers - http-outgoing-0 << Expires: Tue, 04 Oct 2022 09:24:21 GMT
16:19:21.163 [main] DEBUG org.apache.hc.client5.http.headers - http-outgoing-0 << Source-Age: 187
16:19:21.176 [main] DEBUG org.apache.hc.client5.http.impl.classic.MainClientExec - ex-00000001: connection can be kept alive for 3 MINUTES
16:19:21.189 [main] DEBUG org.apache.hc.client5.http.wire - http-outgoing-0 << "[0x1f][0xffffff8b][0x8][0x0][0x0][0x0][0x0][0x0][0x0][0x3][0xffffffb5]V]o[0xffffffda]0[0x14]}[0xffffffe7]W\[0xffffff81]*[0xffffffb5][0x12][0x1f][[M[0xffffffd3]$[0x1e]hF[0xffffffbb]i [0x18][0xffffffb4][0xffffffdd]&[0xfffffff9][0xffffffc5]$7[0xffffffc1]R[0x12]#;[0xffffff94]v[0xffffffbf]~[0xffffffb6][0xfffffff3]1[0xffffff92][0xffffff9a][0xffffffc1][0x1a]x[0xffffffcb][0xffffffb5][0xffffffaf][0xffffffcf]9[0xffffffbe][0xfffffff7]8v[0xb][0x1c][0x1e]E4[0xfffffff6]$x4[0xffffffa1][0xb]*[0xffffffb1][0xffffffd1][0xffffff82][0xfffffffb]%[0xffffff93][0xffffffe0][0xffffffb3][0x10][0xffffffc1][0xffffffe5]qBY,!Y[0xffffffea] KM8,[0x10][0xfffffff0][0x19][0xffffffdd]u[0xffffff82][0x1e][0xffffffb0][0xffffffd8]L[0xffffffcb]%[0xffffff86][0xffffffa1][0xe][0xffffffb8][0xfffffff0]P[0xffffffe8]$[0xf][0x13]t[0x13]3[0xfffffff9][0xffffff84]B2[0xffffffae][0xffffffe6]|@[0xfffffff5][0x1d][0x8][0xffffffc4][0x18][0x16][0xffffff82]o[0xffffffa4][0xffffff9a]P[0xffffff94][0xffffffe7][0xffffffce]R[0xfffffff0][0x8][0xffffffdb]p[0xffffffcb][0x4][0xfffffffa][0xfffffffc][0xffffffb9][\r][0xffffff93][0x15][\n]"
16:19:21.190 [main] DEBUG org.apache.hc.client5.http.wire - http-outgoing-0 << "[0xffffffda][0xffffff86][0xffffffa1][0x17][0xffffffa8]Q3[0xffffffcb][0xffffffd6][0xffffffd1][0xffffff85][0xffffffc6][0xfffffff7][0xffffff98][0xffffffef][0xffffffa3][0xffffffc0]8[0x1][0xffffffae]s[0x12][0x16][0x7] _d[0xffffff82][0xffffff91][0xffffff84][0xfffffff3][0x1f],[0xfffffff6][0x14]j[0x1b]F,^+[0xffffff98]1ua2[0xffffffbf]h([0xffffff8e][0xffffff94][0xffffffa2][0xffffff91]m[0xffffffa3][0xffffffeb][0xffffff9a][0xffffffb0][0xffffffbb]I[0x17]t[0xffffffdf][0xffffffbd][0xffffffef][0xffffffbb][0xffffff91][0xffffffd7]U[0xffffffbb][0xffffff82][0xffffff9e][0x3][0xffffff9b][0xffffff88][0xffffffb9][0xffffffa6]$[0xffffffa6][0xc][0xffffff9b][0xffffffa5][0xffffffe2][0xffffff83][0xffffff98]F[0xffffffd8]o[0xffffff9e]Mg[0xffffff93][0xffffffbb][0xffffffd9]`|[0xfffffffb]u4[0xffffff9c][0x7f]"}B[0xffffffce][0x8][0xffffffb9][0xffffffe3]<[0x8][0xffffff91][0xffffff90][0xffffff94][0xffffff82][0xffffff90][0xffffffc1]j[0x15]2WI[0xffffffe3]1![0x19][0xffffff91]BnB[0xffffff80][0x9]<f[0xffffffb5][0xffffffe8]=[0xffffffd1]p[0xffffffbd][[0xffffffcf][0xffffffe5][0x1b][0xfffffff4][0xffffff9c][0xffffffff][0xfffffffc][0xfffffff8][0xffffffe1][0xffffffe2][0xffffff94][0xffffffa2][0xffffffae][0xe][0x14]5[0xffffff9a]8[0xffffff83][0xffffffd1]`:[0xfffffffd]<[0xffffffb8][0x1f][0xffffff9c]R[0xffffffcf]u[0x7f]6[0xffffffbc][0xffffff83][0xffffffef][0xf][0xffffffc3][0xffffffd9]/[0xfffffff8][0xfffffff2][0xffffffcd]y s[0xffffffee]'[0x1b]*0g[0xffffffcb][0xffffffc8]nF7H][0xffffff83][0xffffff97]{[0xffffffb1]Q[0x5][\r][0xffffffb5]c[0xffffffb4][0xf][0x2][0xffffffb3][0xffffffb4][0xffffff93][0xe]C[0xffffffa7][0xffffffb3]kAD][0xffffff9d][0xffffffde][0xffffffdb][0xffffffda][0xffffff88][0xffffffec][0xffffffa5][0xffffffbc][0xffffff99][0xffffffd9][0xffffffba]t[0xffffffb5][0xffffffea]9[0xffffffea][0x10])[0xffffffb7][0xffffffca][0xffffff9e][0xfffffff2][0xffffffe2]d^N[0xffffffd8]FW[0x16][0xffffffcd][0xffffffdc]_[0x10][0xfffffff9]i|[0x1c][0xffffff93][0xffffff8e][0xfffffff9]o[0x16][0xffffff86]4'!$G[0xffffffdf]W[0xfffffff4]W*j[[0xfffffff3]xR[0xffffffae][0xffffffb6][0xc][0xffffffd0],; #[0xffffffa9][0xffffff92]5[0xffffffb5][0x7][0xffffff9c][0xffffffb5][0xffffffd0][0x7f][0xffffff90][0xffffffc7]jgs[0xfffffffc][0xffffffc2][0xb][0xffffffd9][0x0]t[0xffffff9e]^'Y[0xfffffffb][0xffffff9f][0xffffffb1][0xffffffd8]:[0xffffffbf][0xffffff8d][0xffffffa5][0xffffff9a][0xffffffad][0x7f]m[0x5]&[0xffffffaa][0xffffffa0]^[0xffffff9b][0xffffffcb][0x5]f[0xffffffae][0xffffffe0]RU[0xffffff82][0x10]MS9l[0xffffff91]4t[0xfffffffb][0xffffff8a]][0xffffffd6][0xfffffff4][0xffffff96][0xffffffa6][0xffffff9f]P[0xffffffce][0xffffffd5][0xffffffce][0xffffff93][0xffffffff][0xffffff97][0xffffffcc]p[0xfffffffd][0xfffffff3][0xffffffe8][0x1b][0xffffffcc][0xffffffa2][0xffffffd9]Q[0xffffffbe][0xffffffb2][0xffffffa3][0xffffffc7]m'[0xffffffdf][0xffffffe4][[0xfffffffb]^[0xffffffb0][0xffffff9a][0xffffffbe][0xffffffda][0xffffffda]_[0xffffffce][0xffffff80][0xffffffd2][0xffffffc1]7[0xffffffb7]][0xffffffc1]b[0xffffffee][0xffffffb5][0xffffffff]w[0xffffff83][0xffffffed][0xffffffa7];[0x15]<[0x10]4[0xffffff92][0xffffff84][0x18][\n]"
16:19:21.190 [main] DEBUG org.apache.hc.client5.http.wire - http-outgoing-0 << "BB[0xffffffba][0xffffff8e]][0xffffffb5]jo[0xffffffb9]+"[0xffffffea][0xffffffb4][0xffffffff]h"[0xffffffea]\?5[0xffffffa9][0xffffffaf]k[0xffffffec][0xffffffff]P[0xffffffea][\n]"
16:19:21.190 [main] DEBUG org.apache.hc.client5.http.wire - http-outgoing-0 << "w[0xffffffe1]K[0x13][0xffffffda][0xffffffec][0xffffff98][0xffffffe6]Y[0xfffffffd]h8m6[0xffffff9c]T[0xffffffc1][0xfffffff2][0xffffffa7][0xffffff91]z_[0xffffff95]o85p[0x1c][0x13][0xffffffe6][0xfffffff0]5[0xffffffee][0xfffffffc][0xffffff92][0xffffff96][0xffffffda][0xfffffff7][0xffffffcf][0xffffffb1][0x5][0x1d][0xffffffea]K[0xffffff9b]9[0xffffff8e][0xffffffad]e[0xfffffff7][0xffffff93][0xffffffa8]`[0xffffffda][0xffffffff][0x1a][0xffffffd2][0xffffff88][0xffffff85][0xfffffffd][0xfffffff2][0xffffff91]N[0xfffffff6]`[0xffffffdf]2[0xffffffcf][0xffffffae]E[0xffffff97][0xffffffc5][0xffffffa2][0xffffff9d][0xffffffef]'[0xffffff9d]mun.[0xffffffd3]f^[0xffffffc7][0xffffff82][0xffffffda][0xffffff82]9[0xfffffff5][0xffffffa9]`[0x5][0xffffffbc]4[0xffffffa1][0x1d]<M[0xffffffb5]A[0xffffffa7]3[[0xffffffc0][0x7f][0x0][0xffffffc1][0xffffffd0]$[0xffffff85][0x1d][\r][0x0][0x0]"
16:19:21.192 [main] DEBUG org.apache.hc.client5.http.impl.classic.InternalHttpClient - ep-00000000: releasing valid endpoint
16:19:21.193 [main] DEBUG org.apache.hc.client5.http.impl.io.PoolingHttpClientConnectionManager - ep-00000000: releasing endpoint
16:19:21.193 [main] DEBUG org.apache.hc.client5.http.impl.io.PoolingHttpClientConnectionManager - ep-00000000: connection http-outgoing-0 can be kept alive for 3 MINUTES
16:19:21.194 [main] DEBUG org.apache.hc.client5.http.impl.io.PoolingHttpClientConnectionManager - ep-00000000: connection released [route: {s}->https://raw.githubusercontent.com:443][total available: 1; route allocated: 1 of 5; total allocated: 1 of 25]
16:19:21.195 [main] DEBUG io.github.bonigarcia.wdm.versions.VersionDetector - Detecting edge version using online commands.properties
16:19:21.199 [main] DEBUG io.github.bonigarcia.wdm.versions.Shell - Running command on the shell: [cmd.exe, /C, wmic, datafile, where, name="%PROGRAMFILES(X86):\=\\%\\Microsoft\\Edge\\Application\\msedge.exe", get, Version, /value]
16:19:21.960 [main] DEBUG io.github.bonigarcia.wdm.versions.Shell - Result: Version=105.0.1343.53
16:19:21.968 [main] DEBUG io.github.bonigarcia.wdm.cache.ResolutionCache - Resolution edge105=105.0.1343.53 in cache (valid until 22:15:59 04/10/2022 ICT)
16:19:21.972 [main] INFO io.github.bonigarcia.wdm.WebDriverManager - Using msedgedriver 105.0.1343.53 (resolved driver for Edge 105)
16:19:21.981 [main] DEBUG io.github.bonigarcia.wdm.cache.ResolutionCache - Storing resolution edge=105 in cache (valid until 17:19:21 04/10/2022 ICT)
16:19:22.001 [main] DEBUG io.github.bonigarcia.wdm.WebDriverManager - Driver msedgedriver 105.0.1343.53 found in cache
16:19:22.002 [main] INFO io.github.bonigarcia.wdm.WebDriverManager - Exporting webdriver.edge.driver as C:\Users\Bayu\.cache\selenium\msedgedriver\win64\105.0.1343.53\msedgedriver.exe
16:19:23.139 [main] DEBUG net.thucydides.core.reflection.ClassFinder - Could not load class .CucumberTestSuite
16:19:23.139 [main] DEBUG net.thucydides.core.reflection.ClassFinder - Could not load class .starter.pages.CartPage
16:19:23.140 [main] DEBUG net.thucydides.core.reflection.ClassFinder - Could not load class .starter.pages.LoginPage
16:19:23.140 [main] DEBUG net.thucydides.core.reflection.ClassFinder - Could not load class .starter.stepdefinitions.CollectionStep
16:19:23.140 [main] DEBUG net.thucydides.core.reflection.ClassFinder - Could not load class .starter.stepdefinitions.LoginStep
16:19:23.141 [main] DEBUG net.thucydides.core.reflection.ClassFinder - Could not load class META-INF.versions.9.com.sun.istack.logging.StackHelper
16:19:23.142 [main] DEBUG net.thucydides.core.reflection.ClassFinder - Could not load class META-INF.versions.9.com.sun.xml.bind.v2.runtime.reflect.opt.AccessorInjector
16:19:23.142 [main] DEBUG net.thucydides.core.reflection.ClassFinder - Could not load class META-INF.versions.9.com.sun.xml.bind.v2.runtime.reflect.opt.Injector
16:19:23.143 [main] DEBUG net.thucydides.core.reflection.ClassFinder - Could not load class META-INF.versions.9.com.sun.xml.bind.v2.runtime.reflect.opt.OptimizedAccessorFactory
16:19:23.144 [main] DEBUG net.thucydides.core.reflection.ClassFinder - Could not load class META-INF.versions.9.com.sun.xml.bind.v2.runtime.reflect.opt.OptimizedTransducedAccessorFactory
16:19:23.144 [main] DEBUG net.thucydides.core.reflection.ClassFinder - Could not load class META-INF.versions.9.io.opentelemetry.sdk.internal.CurrentJavaVersionSpecific
16:19:23.145 [main] DEBUG net.thucydides.core.reflection.ClassFinder - Could not load class META-INF.versions.9.io.opentelemetry.sdk.internal.Java9VersionSpecific
16:19:23.145 [main] DEBUG net.thucydides.core.reflection.ClassFinder - Could not load class META-INF.versions.9.javax.xml.bind.ModuleUtil
16:19:23.146 [main] DEBUG net.thucydides.core.reflection.ClassFinder - Could not load class META-INF.versions.9.module-info
16:19:23.147 [main] DEBUG net.thucydides.core.reflection.ClassFinder - Could not load class META-INF.versions.9.org.junit.platform.commons.util.ModuleUtils
16:19:23.858 [main] DEBUG net.thucydides.core.reflection.ClassFinder - Could not load class com.google.gson.internal.
16:19:24.249 [main] DEBUG net.thucydides.core.reflection.ClassFinder - Could not load class com.sun.xml.bind.v2.runtime.output.FastInfosetStreamWriterOutput
16:19:25.038 [main] DEBUG net.thucydides.core.reflection.ClassFinder - Could not load class module-info
16:19:30.139 [main] DEBUG io.netty.util.internal.logging.InternalLoggerFactory - Using SLF4J as the default logging framework
16:19:30.151 [main] DEBUG io.netty.util.ResourceLeakDetector - -Dio.netty.leakDetection.level: simple
16:19:30.151 [main] DEBUG io.netty.util.ResourceLeakDetector - -Dio.netty.leakDetection.targetRecords: 4
16:19:30.166 [main] DEBUG io.netty.util.ResourceLeakDetectorFactory - Loaded default ResourceLeakDetector: io.netty.util.ResourceLeakDetector@3db8bbbe
16:19:30.210 [main] DEBUG io.netty.util.internal.PlatformDependent0 - -Dio.netty.noUnsafe: false
16:19:30.211 [main] DEBUG io.netty.util.internal.PlatformDependent0 - Java version: 11
16:19:30.212 [main] DEBUG io.netty.util.internal.PlatformDependent0 - sun.misc.Unsafe.theUnsafe: available
16:19:30.213 [main] DEBUG io.netty.util.internal.PlatformDependent0 - sun.misc.Unsafe.copyMemory: available
16:19:30.214 [main] DEBUG io.netty.util.internal.PlatformDependent0 - java.nio.Buffer.address: available
16:19:30.215 [main] DEBUG io.netty.util.internal.PlatformDependent0 - direct buffer constructor: unavailable: Reflective setAccessible(true) disabled
16:19:30.216 [main] DEBUG io.netty.util.internal.PlatformDependent0 - java.nio.Bits.unaligned: available, true
16:19:30.218 [main] DEBUG io.netty.util.internal.PlatformDependent0 - jdk.internal.misc.Unsafe.allocateUninitializedArray(int): unavailable: class io.netty.util.internal.PlatformDependent0$6 cannot access class jdk.internal.misc.Unsafe (in module java.base) because module java.base does not export jdk.internal.misc to unnamed module @d1f74b8
16:19:30.221 [main] DEBUG io.netty.util.internal.PlatformDependent0 - java.nio.DirectByteBuffer.<init>(long, int): unavailable
16:19:30.221 [main] DEBUG io.netty.util.internal.PlatformDependent - sun.misc.Unsafe: available
16:19:30.226 [main] DEBUG io.netty.util.internal.PlatformDependent - maxDirectMemory: 1040187392 bytes (maybe)
16:19:30.227 [main] DEBUG io.netty.util.internal.PlatformDependent - -Dio.netty.tmpdir: C:\Users\Bayu\AppData\Local\Temp (java.io.tmpdir)
16:19:30.228 [main] DEBUG io.netty.util.internal.PlatformDependent - -Dio.netty.bitMode: 64 (sun.arch.data.model)
16:19:30.229 [main] DEBUG io.netty.util.internal.PlatformDependent - Platform: Windows
16:19:30.231 [main] DEBUG io.netty.util.internal.PlatformDependent - -Dio.netty.maxDirectMemory: -1 bytes
16:19:30.231 [main] DEBUG io.netty.util.internal.PlatformDependent - -Dio.netty.uninitializedArrayAllocationThreshold: -1
16:19:30.233 [main] DEBUG io.netty.util.internal.CleanerJava9 - java.nio.ByteBuffer.cleaner(): available
16:19:30.233 [main] DEBUG io.netty.util.internal.PlatformDependent - -Dio.netty.noPreferDirect: false
16:19:30.251 [main] DEBUG io.netty.util.internal.PlatformDependent - org.jctools-core.MpscChunkedArrayQueue: available
16:19:30.302 [main] DEBUG io.netty.util.internal.InternalThreadLocalMap - -Dio.netty.threadLocalMap.stringBuilder.initialSize: 1024
16:19:30.302 [main] DEBUG io.netty.util.internal.InternalThreadLocalMap - -Dio.netty.threadLocalMap.stringBuilder.maxSize: 4096
16:19:30.333 [main] DEBUG io.netty.handler.ssl.JdkSslContext - Default protocols (JDK): [TLSv1.3, TLSv1.2] 
16:19:30.333 [main] DEBUG io.netty.handler.ssl.JdkSslContext - Default cipher suites (JDK): [TLS_ECDHE_ECDSA_WITH_AES_256_GCM_SHA384, TLS_ECDHE_ECDSA_WITH_AES_128_GCM_SHA256, TLS_ECDHE_RSA_WITH_AES_128_GCM_SHA256, TLS_ECDHE_RSA_WITH_AES_256_GCM_SHA384, TLS_ECDHE_RSA_WITH_AES_128_CBC_SHA, TLS_ECDHE_RSA_WITH_AES_256_CBC_SHA, TLS_RSA_WITH_AES_128_GCM_SHA256, TLS_RSA_WITH_AES_128_CBC_SHA, TLS_RSA_WITH_AES_256_CBC_SHA, TLS_AES_128_GCM_SHA256, TLS_AES_256_GCM_SHA384]
16:19:30.388 [main] DEBUG io.netty.channel.MultithreadEventLoopGroup - -Dio.netty.eventLoopThreads: 8
16:19:30.406 [main] DEBUG io.netty.channel.nio.NioEventLoop - -Dio.netty.noKeySetOptimization: false
16:19:30.406 [main] DEBUG io.netty.channel.nio.NioEventLoop - -Dio.netty.selectorAutoRebuildThreshold: 512
16:19:30.482 [main] DEBUG io.netty.buffer.PooledByteBufAllocator - -Dio.netty.allocator.numHeapArenas: 8
16:19:30.482 [main] DEBUG io.netty.buffer.PooledByteBufAllocator - -Dio.netty.allocator.numDirectArenas: 8
16:19:30.482 [main] DEBUG io.netty.buffer.PooledByteBufAllocator - -Dio.netty.allocator.pageSize: 8192
16:19:30.482 [main] DEBUG io.netty.buffer.PooledByteBufAllocator - -Dio.netty.allocator.maxOrder: 11
16:19:30.482 [main] DEBUG io.netty.buffer.PooledByteBufAllocator - -Dio.netty.allocator.chunkSize: 16777216
16:19:30.482 [main] DEBUG io.netty.buffer.PooledByteBufAllocator - -Dio.netty.allocator.smallCacheSize: 256
16:19:30.483 [main] DEBUG io.netty.buffer.PooledByteBufAllocator - -Dio.netty.allocator.normalCacheSize: 64
16:19:30.483 [main] DEBUG io.netty.buffer.PooledByteBufAllocator - -Dio.netty.allocator.maxCachedBufferCapacity: 32768
16:19:30.483 [main] DEBUG io.netty.buffer.PooledByteBufAllocator - -Dio.netty.allocator.cacheTrimInterval: 8192
16:19:30.483 [main] DEBUG io.netty.buffer.PooledByteBufAllocator - -Dio.netty.allocator.cacheTrimIntervalMillis: 0
16:19:30.483 [main] DEBUG io.netty.buffer.PooledByteBufAllocator - -Dio.netty.allocator.useCacheForAllThreads: true
16:19:30.483 [main] DEBUG io.netty.buffer.PooledByteBufAllocator - -Dio.netty.allocator.maxCachedByteBuffersPerChunk: 1023
16:19:30.503 [main] DEBUG io.netty.buffer.ByteBufUtil - -Dio.netty.allocator.type: pooled
16:19:30.503 [main] DEBUG io.netty.buffer.ByteBufUtil - -Dio.netty.threadLocalDirectBufferSize: 0
16:19:30.504 [main] DEBUG io.netty.buffer.ByteBufUtil - -Dio.netty.maxThreadLocalCharBufferSize: 16384
16:19:30.644 [main] DEBUG net.serenitybdd.core.webdriver.driverproviders.ProvideNewDriver - Instantiating driver
16:19:30.644 [main] DEBUG net.serenitybdd.core.webdriver.driverproviders.ProvideNewDriver - Driver capabilities: Capabilities {base.url: https://demoqa.com, driver: edge, edge.driver: src/test/resources/webdrive..., ms:edgeChromium: true, ms:edgeOptions: {}}
16:19:31.523 [Forwarding newSession on session null to remote] DEBUG io.netty.channel.DefaultChannelId - -Dio.netty.processId: 10168 (auto-detected)
16:19:31.527 [Forwarding newSession on session null to remote] DEBUG io.netty.util.NetUtil - -Djava.net.preferIPv4Stack: false
16:19:31.527 [Forwarding newSession on session null to remote] DEBUG io.netty.util.NetUtil - -Djava.net.preferIPv6Addresses: false
16:19:31.783 [Forwarding newSession on session null to remote] DEBUG io.netty.util.NetUtilInitializations - Loopback interface: lo (Software Loopback Interface 1, 127.0.0.1)
16:19:31.785 [Forwarding newSession on session null to remote] DEBUG io.netty.util.NetUtil - Failed to get SOMAXCONN from sysctl and file \proc\sys\net\core\somaxconn. Default: 200
16:19:32.058 [Forwarding newSession on session null to remote] DEBUG io.netty.channel.DefaultChannelId - -Dio.netty.machineId: d4:6a:6a:ff:fe:8b:ec:cb (auto-detected)
16:19:32.168 [AsyncHttpClient-1-2] DEBUG io.netty.buffer.AbstractByteBuf - -Dio.netty.buffer.checkAccessible: true
16:19:32.169 [AsyncHttpClient-1-2] DEBUG io.netty.buffer.AbstractByteBuf - -Dio.netty.buffer.checkBounds: true
16:19:32.169 [AsyncHttpClient-1-2] DEBUG io.netty.util.ResourceLeakDetectorFactory - Loaded default ResourceLeakDetector: io.netty.util.ResourceLeakDetector@26047b96
16:19:32.201 [AsyncHttpClient-1-2] DEBUG org.asynchttpclient.netty.channel.NettyConnectListener - Using new Channel '[id: 0xaff1c1f2, L:/127.0.0.1:8978 - R:localhost/127.0.0.1:54632]' for 'POST' to '/session'
16:19:32.244 [AsyncHttpClient-1-2] DEBUG io.netty.util.Recycler - -Dio.netty.recycler.maxCapacityPerThread: 4096
16:19:32.244 [AsyncHttpClient-1-2] DEBUG io.netty.util.Recycler - -Dio.netty.recycler.ratio: 8
16:19:32.244 [AsyncHttpClient-1-2] DEBUG io.netty.util.Recycler - -Dio.netty.recycler.chunkSize: 32
16:19:32.244 [AsyncHttpClient-1-2] DEBUG io.netty.util.Recycler - -Dio.netty.recycler.blocking: false
16:19:38.504 [AsyncHttpClient-1-2] DEBUG io.netty.handler.codec.compression.Brotli - brotli4j not in the classpath; Brotli support will be unavailable.
16:19:38.504 [AsyncHttpClient-1-2] DEBUG org.asynchttpclient.netty.handler.HttpHandler - 

Request DefaultHttpRequest(decodeResult: success, version: HTTP/1.1)
POST /session HTTP/1.1
User-Agent: selenium/4.1.2 (java windows)
Content-Length: 591
Content-Type: application/json; charset=utf-8
host: localhost:54632
accept: */*

Response DefaultHttpResponse(decodeResult: success, version: HTTP/1.1)
HTTP/1.1 200 OK
Content-Type: application/json; charset=utf-8
cache-control: no-cache
content-length: 753

16:19:38.524 [AsyncHttpClient-1-2] DEBUG org.asynchttpclient.netty.channel.ChannelManager - Adding key: http://localhost:54632 for channel [id: 0xaff1c1f2, L:/127.0.0.1:8978 - R:localhost/127.0.0.1:54632]
16:19:38.888 [AsyncHttpClient-1-3] DEBUG org.asynchttpclient.netty.channel.NettyConnectListener - Using new Channel '[id: 0x268717d6, L:/127.0.0.1:8999 - R:localhost/127.0.0.1:8982]' for 'GET' to '/json/version'
16:19:38.902 [AsyncHttpClient-1-3] DEBUG org.asynchttpclient.netty.handler.HttpHandler - 

Request DefaultFullHttpRequest(decodeResult: success, version: HTTP/1.1, content: EmptyByteBufBE)
GET /json/version HTTP/1.1
User-Agent: selenium/4.1.2 (java windows)
host: localhost:8982
accept: */*

Response DefaultHttpResponse(decodeResult: success, version: HTTP/1.1)
HTTP/1.1 200 OK
Content-Type: application/json; charset=UTF-8
content-length: 435

16:19:38.903 [AsyncHttpClient-1-3] DEBUG org.asynchttpclient.netty.channel.ChannelManager - Adding key: http://localhost:8982 for channel [id: 0x268717d6, L:/127.0.0.1:8999 - R:localhost/127.0.0.1:8982]
16:19:38.916 [main] DEBUG io.netty.util.internal.ThreadLocalRandom - -Dio.netty.initialSeedUniquifier: 0xea1748cb71b40f6a
16:19:38.941 [AsyncHttpClient-1-4] DEBUG org.asynchttpclient.netty.channel.NettyConnectListener - Using new Channel '[id: 0x3089c682, L:/127.0.0.1:9000 - R:localhost/127.0.0.1:8982]' for 'GET' to '/devtools/browser/e18e50ee-284d-4229-8d3b-38266b120a56'
16:19:38.959 [AsyncHttpClient-1-4] DEBUG org.asynchttpclient.netty.handler.WebSocketHandler - 

Request DefaultFullHttpRequest(decodeResult: success, version: HTTP/1.1, content: EmptyByteBufBE)
GET /devtools/browser/e18e50ee-284d-4229-8d3b-38266b120a56 HTTP/1.1
upgrade: websocket
connection: upgrade
sec-websocket-key: HmtU1OvFnjLFa6LRln3img==
sec-websocket-version: 13
origin: http://localhost:8982
host: localhost:8982
accept: */*
user-agent: AHC/2.1

Response DefaultHttpResponse(decodeResult: success, version: HTTP/1.1)
HTTP/1.1 101 WebSocket Protocol Handshake
Upgrade: WebSocket
Connection: Upgrade
Sec-WebSocket-Accept: 9z4/UYI5v4rL63OT2ws1vN3Hr8g=

16:19:39.073 [AsyncHttpClient-1-1] DEBUG org.asynchttpclient.netty.channel.DefaultChannelPool - Entry count for : http://localhost:8982 : 1
16:19:39.073 [AsyncHttpClient-1-1] DEBUG org.asynchttpclient.netty.channel.DefaultChannelPool - Entry count for : http://localhost:54632 : 1
16:19:40.163 [AsyncHttpClient-1-1] DEBUG org.asynchttpclient.netty.channel.DefaultChannelPool - Entry count for : http://localhost:8982 : 1
16:19:40.164 [AsyncHttpClient-1-1] DEBUG org.asynchttpclient.netty.channel.DefaultChannelPool - Entry count for : http://localhost:54632 : 1
16:19:41.267 [AsyncHttpClient-1-1] DEBUG org.asynchttpclient.netty.channel.DefaultChannelPool - Entry count for : http://localhost:8982 : 1
16:19:41.268 [AsyncHttpClient-1-1] DEBUG org.asynchttpclient.netty.channel.DefaultChannelPool - Entry count for : http://localhost:54632 : 1
16:19:41.366 [main] DEBUG net.thucydides.core.reflection.ClassFinder - Could not load class .CucumberTestSuite
16:19:41.366 [main] DEBUG net.thucydides.core.reflection.ClassFinder - Could not load class .starter.pages.CartPage
16:19:41.366 [main] DEBUG net.thucydides.core.reflection.ClassFinder - Could not load class .starter.pages.LoginPage
16:19:41.366 [main] DEBUG net.thucydides.core.reflection.ClassFinder - Could not load class .starter.stepdefinitions.CollectionStep
16:19:41.366 [main] DEBUG net.thucydides.core.reflection.ClassFinder - Could not load class .starter.stepdefinitions.LoginStep
16:19:41.367 [main] DEBUG net.thucydides.core.reflection.ClassFinder - Could not load class META-INF.versions.9.com.sun.istack.logging.StackHelper
16:19:41.368 [main] DEBUG net.thucydides.core.reflection.ClassFinder - Could not load class META-INF.versions.9.com.sun.xml.bind.v2.runtime.reflect.opt.AccessorInjector
16:19:41.369 [main] DEBUG net.thucydides.core.reflection.ClassFinder - Could not load class META-INF.versions.9.com.sun.xml.bind.v2.runtime.reflect.opt.Injector
16:19:41.370 [main] DEBUG net.thucydides.core.reflection.ClassFinder - Could not load class META-INF.versions.9.com.sun.xml.bind.v2.runtime.reflect.opt.OptimizedAccessorFactory
16:19:41.371 [main] DEBUG net.thucydides.core.reflection.ClassFinder - Could not load class META-INF.versions.9.com.sun.xml.bind.v2.runtime.reflect.opt.OptimizedTransducedAccessorFactory
16:19:41.373 [main] DEBUG net.thucydides.core.reflection.ClassFinder - Could not load class META-INF.versions.9.io.opentelemetry.sdk.internal.CurrentJavaVersionSpecific
16:19:41.373 [main] DEBUG net.thucydides.core.reflection.ClassFinder - Could not load class META-INF.versions.9.io.opentelemetry.sdk.internal.Java9VersionSpecific
16:19:41.374 [main] DEBUG net.thucydides.core.reflection.ClassFinder - Could not load class META-INF.versions.9.javax.xml.bind.ModuleUtil
16:19:41.375 [main] DEBUG net.thucydides.core.reflection.ClassFinder - Could not load class META-INF.versions.9.module-info
16:19:41.377 [main] DEBUG net.thucydides.core.reflection.ClassFinder - Could not load class META-INF.versions.9.org.junit.platform.commons.util.ModuleUtils
16:19:41.382 [main] DEBUG net.thucydides.core.reflection.ClassFinder - Could not load class com.google.gson.internal.
16:19:41.386 [main] DEBUG net.thucydides.core.reflection.ClassFinder - Could not load class com.sun.xml.bind.v2.runtime.output.FastInfosetStreamWriterOutput
16:19:41.391 [main] DEBUG net.thucydides.core.reflection.ClassFinder - Could not load class module-info
16:19:41.441 [Forwarding get on session 8acfd83c2f99f121fbd1f1537d0a4965 to remote] DEBUG org.asynchttpclient.netty.request.NettyRequestSender - Using pooled Channel '[id: 0xaff1c1f2, L:/127.0.0.1:8978 - R:localhost/127.0.0.1:54632]' for 'POST' to 'http://localhost:54632/session/8acfd83c2f99f121fbd1f1537d0a4965/url'
16:19:41.442 [Forwarding get on session 8acfd83c2f99f121fbd1f1537d0a4965 to remote] DEBUG org.asynchttpclient.netty.request.NettyRequestSender - Using open Channel [id: 0xaff1c1f2, L:/127.0.0.1:8978 - R:localhost/127.0.0.1:54632] for POST '/session/8acfd83c2f99f121fbd1f1537d0a4965/url'
16:19:42.361 [AsyncHttpClient-1-1] DEBUG org.asynchttpclient.netty.channel.DefaultChannelPool - Entry count for : http://localhost:8982 : 1
16:19:43.461 [AsyncHttpClient-1-1] DEBUG org.asynchttpclient.netty.channel.DefaultChannelPool - Entry count for : http://localhost:8982 : 1
16:19:44.591 [AsyncHttpClient-1-1] DEBUG org.asynchttpclient.netty.channel.DefaultChannelPool - Entry count for : http://localhost:8982 : 1
16:19:45.663 [AsyncHttpClient-1-1] DEBUG org.asynchttpclient.netty.channel.DefaultChannelPool - Entry count for : http://localhost:8982 : 1
16:19:46.761 [AsyncHttpClient-1-1] DEBUG org.asynchttpclient.netty.channel.DefaultChannelPool - Entry count for : http://localhost:8982 : 1
16:19:47.862 [AsyncHttpClient-1-1] DEBUG org.asynchttpclient.netty.channel.DefaultChannelPool - Entry count for : http://localhost:8982 : 1
16:19:48.967 [AsyncHttpClient-1-1] DEBUG org.asynchttpclient.netty.channel.DefaultChannelPool - Entry count for : http://localhost:8982 : 1
16:19:50.061 [AsyncHttpClient-1-1] DEBUG org.asynchttpclient.netty.channel.DefaultChannelPool - Entry count for : http://localhost:8982 : 1
16:19:51.168 [AsyncHttpClient-1-1] DEBUG org.asynchttpclient.netty.channel.DefaultChannelPool - Entry count for : http://localhost:8982 : 1
16:19:52.290 [AsyncHttpClient-1-1] DEBUG org.asynchttpclient.netty.channel.DefaultChannelPool - Entry count for : http://localhost:8982 : 1
16:19:53.362 [AsyncHttpClient-1-1] DEBUG org.asynchttpclient.netty.channel.DefaultChannelPool - Entry count for : http://localhost:8982 : 1
16:19:54.512 [AsyncHttpClient-1-1] DEBUG org.asynchttpclient.netty.channel.DefaultChannelPool - Entry count for : http://localhost:8982 : 1
16:19:55.561 [AsyncHttpClient-1-1] DEBUG org.asynchttpclient.netty.channel.DefaultChannelPool - Entry count for : http://localhost:8982 : 1
16:19:56.661 [AsyncHttpClient-1-1] DEBUG org.asynchttpclient.netty.channel.DefaultChannelPool - Entry count for : http://localhost:8982 : 1
16:19:56.845 [AsyncHttpClient-1-2] DEBUG org.asynchttpclient.netty.handler.HttpHandler - 

Request DefaultHttpRequest(decodeResult: success, version: HTTP/1.1)
POST /session/8acfd83c2f99f121fbd1f1537d0a4965/url HTTP/1.1
User-Agent: selenium/4.1.2 (java windows)
Content-Length: 54
Content-Type: application/json; charset=utf-8
host: localhost:54632
accept: */*

Response DefaultHttpResponse(decodeResult: success, version: HTTP/1.1)
HTTP/1.1 200 OK
Content-Type: application/json; charset=utf-8
cache-control: no-cache
content-length: 14

16:19:56.848 [AsyncHttpClient-1-2] DEBUG org.asynchttpclient.netty.channel.ChannelManager - Adding key: http://localhost:54632 for channel [id: 0xaff1c1f2, L:/127.0.0.1:8978 - R:localhost/127.0.0.1:54632]
16:19:56.871 [Forwarding setTimeout on session 8acfd83c2f99f121fbd1f1537d0a4965 to remote] DEBUG org.asynchttpclient.netty.request.NettyRequestSender - Using pooled Channel '[id: 0xaff1c1f2, L:/127.0.0.1:8978 - R:localhost/127.0.0.1:54632]' for 'POST' to 'http://localhost:54632/session/8acfd83c2f99f121fbd1f1537d0a4965/timeouts'
16:19:56.872 [Forwarding setTimeout on session 8acfd83c2f99f121fbd1f1537d0a4965 to remote] DEBUG org.asynchttpclient.netty.request.NettyRequestSender - Using open Channel [id: 0xaff1c1f2, L:/127.0.0.1:8978 - R:localhost/127.0.0.1:54632] for POST '/session/8acfd83c2f99f121fbd1f1537d0a4965/timeouts'
16:19:56.906 [AsyncHttpClient-1-2] DEBUG org.asynchttpclient.netty.handler.HttpHandler - 

Request DefaultHttpRequest(decodeResult: success, version: HTTP/1.1)
POST /session/8acfd83c2f99f121fbd1f1537d0a4965/timeouts HTTP/1.1
User-Agent: selenium/4.1.2 (java windows)
Content-Length: 22
Content-Type: application/json; charset=utf-8
host: localhost:54632
accept: */*

Response DefaultHttpResponse(decodeResult: success, version: HTTP/1.1)
HTTP/1.1 200 OK
Content-Type: application/json; charset=utf-8
cache-control: no-cache
content-length: 14

16:19:56.907 [AsyncHttpClient-1-2] DEBUG org.asynchttpclient.netty.channel.ChannelManager - Adding key: http://localhost:54632 for channel [id: 0xaff1c1f2, L:/127.0.0.1:8978 - R:localhost/127.0.0.1:54632]
16:19:56.962 [Forwarding getCurrentUrl on session 8acfd83c2f99f121fbd1f1537d0a4965 to remote] DEBUG org.asynchttpclient.netty.request.NettyRequestSender - Using pooled Channel '[id: 0xaff1c1f2, L:/127.0.0.1:8978 - R:localhost/127.0.0.1:54632]' for 'GET' to 'http://localhost:54632/session/8acfd83c2f99f121fbd1f1537d0a4965/url'
16:19:56.963 [Forwarding getCurrentUrl on session 8acfd83c2f99f121fbd1f1537d0a4965 to remote] DEBUG org.asynchttpclient.netty.request.NettyRequestSender - Using open Channel [id: 0xaff1c1f2, L:/127.0.0.1:8978 - R:localhost/127.0.0.1:54632] for GET '/session/8acfd83c2f99f121fbd1f1537d0a4965/url'
16:19:57.055 [AsyncHttpClient-1-2] DEBUG org.asynchttpclient.netty.handler.HttpHandler - 

Request DefaultFullHttpRequest(decodeResult: success, version: HTTP/1.1, content: EmptyByteBufBE)
GET /session/8acfd83c2f99f121fbd1f1537d0a4965/url HTTP/1.1
User-Agent: selenium/4.1.2 (java windows)
Cache-Control: no-cache
Content-Type: application/json; charset=utf-8
host: localhost:54632
accept: */*

Response DefaultHttpResponse(decodeResult: success, version: HTTP/1.1)
HTTP/1.1 200 OK
Content-Type: application/json; charset=utf-8
cache-control: no-cache
content-length: 36

16:19:57.056 [AsyncHttpClient-1-2] DEBUG org.asynchttpclient.netty.channel.ChannelManager - Adding key: http://localhost:54632 for channel [id: 0xaff1c1f2, L:/127.0.0.1:8978 - R:localhost/127.0.0.1:54632]
  &amp#27;[32mGiven &amp#27;[0m&amp#27;[32mI am on the book page&amp#27;[0m                      &amp#27;[90m# starter.stepdefinitions.CollectionStep.iAmOnTheBookPage()&amp#27;[0m
16:19:57.607 [main] DEBUG net.serenitybdd.core.photography.Darkroom - Opening darkroom
16:19:57.613 [Forwarding screenshot on session 8acfd83c2f99f121fbd1f1537d0a4965 to remote] DEBUG org.asynchttpclient.netty.request.NettyRequestSender - Using pooled Channel '[id: 0xaff1c1f2, L:/127.0.0.1:8978 - R:localhost/127.0.0.1:54632]' for 'GET' to 'http://localhost:54632/session/8acfd83c2f99f121fbd1f1537d0a4965/screenshot'
16:19:57.613 [Forwarding screenshot on session 8acfd83c2f99f121fbd1f1537d0a4965 to remote] DEBUG org.asynchttpclient.netty.request.NettyRequestSender - Using open Channel [id: 0xaff1c1f2, L:/127.0.0.1:8978 - R:localhost/127.0.0.1:54632] for GET '/session/8acfd83c2f99f121fbd1f1537d0a4965/screenshot'
16:19:57.618 [Darkroom Processing Line] DEBUG net.serenitybdd.core.photography.DarkroomProcessingLine - Darkroom processing line starting up
16:19:57.764 [AsyncHttpClient-1-1] DEBUG org.asynchttpclient.netty.channel.DefaultChannelPool - Entry count for : http://localhost:8982 : 1
16:19:58.316 [AsyncHttpClient-1-2] DEBUG org.asynchttpclient.netty.handler.HttpHandler - 

Request DefaultFullHttpRequest(decodeResult: success, version: HTTP/1.1, content: EmptyByteBufBE)
GET /session/8acfd83c2f99f121fbd1f1537d0a4965/screenshot HTTP/1.1
User-Agent: selenium/4.1.2 (java windows)
Cache-Control: no-cache
Content-Type: application/json; charset=utf-8
host: localhost:54632
accept: */*

Response DefaultHttpResponse(decodeResult: success, version: HTTP/1.1)
HTTP/1.1 200 OK
Content-Type: application/json; charset=utf-8
cache-control: no-cache
content-length: 280220

16:19:58.323 [AsyncHttpClient-1-2] DEBUG org.asynchttpclient.netty.channel.ChannelManager - Adding key: http://localhost:54632 for channel [id: 0xaff1c1f2, L:/127.0.0.1:8978 - R:localhost/127.0.0.1:54632]
16:19:58.861 [AsyncHttpClient-1-1] DEBUG org.asynchttpclient.netty.channel.DefaultChannelPool - Entry count for : http://localhost:8982 : 1
16:19:58.861 [AsyncHttpClient-1-1] DEBUG org.asynchttpclient.netty.channel.DefaultChannelPool - Entry count for : http://localhost:54632 : 1
16:19:59.019 [main] DEBUG net.serenitybdd.core.photography.Darkroom - Send negative for processing for target\site\serenity\ef3b17e0f481f95f1a8f5b0165700361dc2c54849fb39bbbb92a4937990c654e.png
16:19:59.021 [Darkroom Processing Line] DEBUG net.serenitybdd.core.photography.DarkroomProcessingLine - Processing screenshot image in /var/screenshots/screenshot-17802554833658782931
16:19:59.021 [Darkroom Processing Line] DEBUG net.serenitybdd.core.photography.DarkroomProcessingLine - Saving screenshot to target\site\serenity\ef3b17e0f481f95f1a8f5b0165700361dc2c54849fb39bbbb92a4937990c654e.png
16:19:59.064 [Forwarding findElement on session 8acfd83c2f99f121fbd1f1537d0a4965 to remote] DEBUG org.asynchttpclient.netty.request.NettyRequestSender - Using pooled Channel '[id: 0xaff1c1f2, L:/127.0.0.1:8978 - R:localhost/127.0.0.1:54632]' for 'POST' to 'http://localhost:54632/session/8acfd83c2f99f121fbd1f1537d0a4965/element'
16:19:59.064 [Forwarding findElement on session 8acfd83c2f99f121fbd1f1537d0a4965 to remote] DEBUG org.asynchttpclient.netty.request.NettyRequestSender - Using open Channel [id: 0xaff1c1f2, L:/127.0.0.1:8978 - R:localhost/127.0.0.1:54632] for POST '/session/8acfd83c2f99f121fbd1f1537d0a4965/element'
16:19:59.087 [AsyncHttpClient-1-2] DEBUG org.asynchttpclient.netty.handler.HttpHandler - 

Request DefaultHttpRequest(decodeResult: success, version: HTTP/1.1)
POST /session/8acfd83c2f99f121fbd1f1537d0a4965/element HTTP/1.1
User-Agent: selenium/4.1.2 (java windows)
Content-Length: 78
Content-Type: application/json; charset=utf-8
host: localhost:54632
accept: */*

Response DefaultHttpResponse(decodeResult: success, version: HTTP/1.1)
HTTP/1.1 200 OK
Content-Type: application/json; charset=utf-8
cache-control: no-cache
content-length: 88

16:19:59.087 [AsyncHttpClient-1-2] DEBUG org.asynchttpclient.netty.channel.ChannelManager - Adding key: http://localhost:54632 for channel [id: 0xaff1c1f2, L:/127.0.0.1:8978 - R:localhost/127.0.0.1:54632]
16:19:59.090 [Forwarding getElementTagName on session 8acfd83c2f99f121fbd1f1537d0a4965 to remote] DEBUG org.asynchttpclient.netty.request.NettyRequestSender - Using pooled Channel '[id: 0xaff1c1f2, L:/127.0.0.1:8978 - R:localhost/127.0.0.1:54632]' for 'GET' to 'http://localhost:54632/session/8acfd83c2f99f121fbd1f1537d0a4965/element/47cf34ee-5e33-4904-85e0-5b341e52c491/name'
16:19:59.090 [Forwarding getElementTagName on session 8acfd83c2f99f121fbd1f1537d0a4965 to remote] DEBUG org.asynchttpclient.netty.request.NettyRequestSender - Using open Channel [id: 0xaff1c1f2, L:/127.0.0.1:8978 - R:localhost/127.0.0.1:54632] for GET '/session/8acfd83c2f99f121fbd1f1537d0a4965/element/47cf34ee-5e33-4904-85e0-5b341e52c491/name'
16:19:59.098 [AsyncHttpClient-1-2] DEBUG org.asynchttpclient.netty.handler.HttpHandler - 

Request DefaultFullHttpRequest(decodeResult: success, version: HTTP/1.1, content: EmptyByteBufBE)
GET /session/8acfd83c2f99f121fbd1f1537d0a4965/element/47cf34ee-5e33-4904-85e0-5b341e52c491/name HTTP/1.1
User-Agent: selenium/4.1.2 (java windows)
Cache-Control: no-cache
Content-Type: application/json; charset=utf-8
host: localhost:54632
accept: */*

Response DefaultHttpResponse(decodeResult: success, version: HTTP/1.1)
HTTP/1.1 200 OK
Content-Type: application/json; charset=utf-8
cache-control: no-cache
content-length: 16

16:19:59.098 [AsyncHttpClient-1-2] DEBUG org.asynchttpclient.netty.channel.ChannelManager - Adding key: http://localhost:54632 for channel [id: 0xaff1c1f2, L:/127.0.0.1:8978 - R:localhost/127.0.0.1:54632]
16:19:59.101 [Forwarding getElementTagName on session 8acfd83c2f99f121fbd1f1537d0a4965 to remote] DEBUG org.asynchttpclient.netty.request.NettyRequestSender - Using pooled Channel '[id: 0xaff1c1f2, L:/127.0.0.1:8978 - R:localhost/127.0.0.1:54632]' for 'GET' to 'http://localhost:54632/session/8acfd83c2f99f121fbd1f1537d0a4965/element/47cf34ee-5e33-4904-85e0-5b341e52c491/name'
16:19:59.101 [Forwarding getElementTagName on session 8acfd83c2f99f121fbd1f1537d0a4965 to remote] DEBUG org.asynchttpclient.netty.request.NettyRequestSender - Using open Channel [id: 0xaff1c1f2, L:/127.0.0.1:8978 - R:localhost/127.0.0.1:54632] for GET '/session/8acfd83c2f99f121fbd1f1537d0a4965/element/47cf34ee-5e33-4904-85e0-5b341e52c491/name'
16:19:59.107 [AsyncHttpClient-1-2] DEBUG org.asynchttpclient.netty.handler.HttpHandler - 

Request DefaultFullHttpRequest(decodeResult: success, version: HTTP/1.1, content: EmptyByteBufBE)
GET /session/8acfd83c2f99f121fbd1f1537d0a4965/element/47cf34ee-5e33-4904-85e0-5b341e52c491/name HTTP/1.1
User-Agent: selenium/4.1.2 (java windows)
Cache-Control: no-cache
Content-Type: application/json; charset=utf-8
host: localhost:54632
accept: */*

Response DefaultHttpResponse(decodeResult: success, version: HTTP/1.1)
HTTP/1.1 200 OK
Content-Type: application/json; charset=utf-8
cache-control: no-cache
content-length: 16

16:19:59.107 [AsyncHttpClient-1-2] DEBUG org.asynchttpclient.netty.channel.ChannelManager - Adding key: http://localhost:54632 for channel [id: 0xaff1c1f2, L:/127.0.0.1:8978 - R:localhost/127.0.0.1:54632]
16:19:59.111 [Forwarding findElement on session 8acfd83c2f99f121fbd1f1537d0a4965 to remote] DEBUG org.asynchttpclient.netty.request.NettyRequestSender - Using pooled Channel '[id: 0xaff1c1f2, L:/127.0.0.1:8978 - R:localhost/127.0.0.1:54632]' for 'POST' to 'http://localhost:54632/session/8acfd83c2f99f121fbd1f1537d0a4965/element'
16:19:59.111 [Forwarding findElement on session 8acfd83c2f99f121fbd1f1537d0a4965 to remote] DEBUG org.asynchttpclient.netty.request.NettyRequestSender - Using open Channel [id: 0xaff1c1f2, L:/127.0.0.1:8978 - R:localhost/127.0.0.1:54632] for POST '/session/8acfd83c2f99f121fbd1f1537d0a4965/element'
16:19:59.125 [AsyncHttpClient-1-2] DEBUG org.asynchttpclient.netty.handler.HttpHandler - 

Request DefaultHttpRequest(decodeResult: success, version: HTTP/1.1)
POST /session/8acfd83c2f99f121fbd1f1537d0a4965/element HTTP/1.1
User-Agent: selenium/4.1.2 (java windows)
Content-Length: 78
Content-Type: application/json; charset=utf-8
host: localhost:54632
accept: */*

Response DefaultHttpResponse(decodeResult: success, version: HTTP/1.1)
HTTP/1.1 200 OK
Content-Type: application/json; charset=utf-8
cache-control: no-cache
content-length: 88

16:19:59.125 [AsyncHttpClient-1-2] DEBUG org.asynchttpclient.netty.channel.ChannelManager - Adding key: http://localhost:54632 for channel [id: 0xaff1c1f2, L:/127.0.0.1:8978 - R:localhost/127.0.0.1:54632]
16:19:59.128 [Forwarding clickElement on session 8acfd83c2f99f121fbd1f1537d0a4965 to remote] DEBUG org.asynchttpclient.netty.request.NettyRequestSender - Using pooled Channel '[id: 0xaff1c1f2, L:/127.0.0.1:8978 - R:localhost/127.0.0.1:54632]' for 'POST' to 'http://localhost:54632/session/8acfd83c2f99f121fbd1f1537d0a4965/element/47cf34ee-5e33-4904-85e0-5b341e52c491/click'
16:19:59.128 [Forwarding clickElement on session 8acfd83c2f99f121fbd1f1537d0a4965 to remote] DEBUG org.asynchttpclient.netty.request.NettyRequestSender - Using open Channel [id: 0xaff1c1f2, L:/127.0.0.1:8978 - R:localhost/127.0.0.1:54632] for POST '/session/8acfd83c2f99f121fbd1f1537d0a4965/element/47cf34ee-5e33-4904-85e0-5b341e52c491/click'
16:19:59.964 [AsyncHttpClient-1-1] DEBUG org.asynchttpclient.netty.channel.DefaultChannelPool - Entry count for : http://localhost:8982 : 1
16:20:01.065 [AsyncHttpClient-1-1] DEBUG org.asynchttpclient.netty.channel.DefaultChannelPool - Entry count for : http://localhost:8982 : 1
16:20:02.161 [AsyncHttpClient-1-1] DEBUG org.asynchttpclient.netty.channel.DefaultChannelPool - Entry count for : http://localhost:8982 : 1
16:20:03.262 [AsyncHttpClient-1-1] DEBUG org.asynchttpclient.netty.channel.DefaultChannelPool - Entry count for : http://localhost:8982 : 1
16:20:04.370 [AsyncHttpClient-1-1] DEBUG org.asynchttpclient.netty.channel.DefaultChannelPool - Entry count for : http://localhost:8982 : 1
16:20:04.507 [AsyncHttpClient-1-2] DEBUG org.asynchttpclient.netty.handler.HttpHandler - 

Request DefaultHttpRequest(decodeResult: success, version: HTTP/1.1)
POST /session/8acfd83c2f99f121fbd1f1537d0a4965/element/47cf34ee-5e33-4904-85e0-5b341e52c491/click HTTP/1.1
User-Agent: selenium/4.1.2 (java windows)
Content-Length: 50
Content-Type: application/json; charset=utf-8
host: localhost:54632
accept: */*

Response DefaultHttpResponse(decodeResult: success, version: HTTP/1.1)
HTTP/1.1 200 OK
Content-Type: application/json; charset=utf-8
cache-control: no-cache
content-length: 14

16:20:04.507 [AsyncHttpClient-1-2] DEBUG org.asynchttpclient.netty.channel.ChannelManager - Adding key: http://localhost:54632 for channel [id: 0xaff1c1f2, L:/127.0.0.1:8978 - R:localhost/127.0.0.1:54632]
  &amp#27;[32mWhen &amp#27;[0m&amp#27;[32mI click Git Pocket Guide&amp#27;[0m                    &amp#27;[90m# starter.stepdefinitions.CollectionStep.iClickGitPocketGuide()&amp#27;[0m
16:20:04.541 [Forwarding screenshot on session 8acfd83c2f99f121fbd1f1537d0a4965 to remote] DEBUG org.asynchttpclient.netty.request.NettyRequestSender - Using pooled Channel '[id: 0xaff1c1f2, L:/127.0.0.1:8978 - R:localhost/127.0.0.1:54632]' for 'GET' to 'http://localhost:54632/session/8acfd83c2f99f121fbd1f1537d0a4965/screenshot'
16:20:04.541 [Forwarding screenshot on session 8acfd83c2f99f121fbd1f1537d0a4965 to remote] DEBUG org.asynchttpclient.netty.request.NettyRequestSender - Using open Channel [id: 0xaff1c1f2, L:/127.0.0.1:8978 - R:localhost/127.0.0.1:54632] for GET '/session/8acfd83c2f99f121fbd1f1537d0a4965/screenshot'
16:20:04.856 [AsyncHttpClient-1-2] DEBUG org.asynchttpclient.netty.handler.HttpHandler - 

Request DefaultFullHttpRequest(decodeResult: success, version: HTTP/1.1, content: EmptyByteBufBE)
GET /session/8acfd83c2f99f121fbd1f1537d0a4965/screenshot HTTP/1.1
User-Agent: selenium/4.1.2 (java windows)
Cache-Control: no-cache
Content-Type: application/json; charset=utf-8
host: localhost:54632
accept: */*

Response DefaultHttpResponse(decodeResult: success, version: HTTP/1.1)
HTTP/1.1 200 OK
Content-Type: application/json; charset=utf-8
cache-control: no-cache
content-length: 115468

16:20:04.860 [AsyncHttpClient-1-2] DEBUG org.asynchttpclient.netty.channel.ChannelManager - Adding key: http://localhost:54632 for channel [id: 0xaff1c1f2, L:/127.0.0.1:8978 - R:localhost/127.0.0.1:54632]
16:20:04.921 [main] DEBUG net.serenitybdd.core.photography.Darkroom - Send negative for processing for target\site\serenity\08b6af97b03cb5df2fb2f1174ed76d2352613213d32f2840daa17ce81922f18a.png
16:20:04.935 [Darkroom Processing Line] DEBUG net.serenitybdd.core.photography.DarkroomProcessingLine - Processing screenshot image in /var/screenshots/screenshot-7906858723578232734
16:20:04.936 [Darkroom Processing Line] DEBUG net.serenitybdd.core.photography.DarkroomProcessingLine - Saving screenshot to target\site\serenity\08b6af97b03cb5df2fb2f1174ed76d2352613213d32f2840daa17ce81922f18a.png
16:20:04.976 [Forwarding findElement on session 8acfd83c2f99f121fbd1f1537d0a4965 to remote] DEBUG org.asynchttpclient.netty.request.NettyRequestSender - Using pooled Channel '[id: 0xaff1c1f2, L:/127.0.0.1:8978 - R:localhost/127.0.0.1:54632]' for 'POST' to 'http://localhost:54632/session/8acfd83c2f99f121fbd1f1537d0a4965/element'
16:20:04.976 [Forwarding findElement on session 8acfd83c2f99f121fbd1f1537d0a4965 to remote] DEBUG org.asynchttpclient.netty.request.NettyRequestSender - Using open Channel [id: 0xaff1c1f2, L:/127.0.0.1:8978 - R:localhost/127.0.0.1:54632] for POST '/session/8acfd83c2f99f121fbd1f1537d0a4965/element'
16:20:05.463 [AsyncHttpClient-1-1] DEBUG org.asynchttpclient.netty.channel.DefaultChannelPool - Entry count for : http://localhost:8982 : 1
16:20:06.565 [AsyncHttpClient-1-1] DEBUG org.asynchttpclient.netty.channel.DefaultChannelPool - Entry count for : http://localhost:8982 : 1
16:20:06.709 [AsyncHttpClient-1-2] DEBUG org.asynchttpclient.netty.handler.HttpHandler - 

Request DefaultHttpRequest(decodeResult: success, version: HTTP/1.1)
POST /session/8acfd83c2f99f121fbd1f1537d0a4965/element HTTP/1.1
User-Agent: selenium/4.1.2 (java windows)
Content-Length: 81
Content-Type: application/json; charset=utf-8
host: localhost:54632
accept: */*

Response DefaultHttpResponse(decodeResult: success, version: HTTP/1.1)
HTTP/1.1 200 OK
Content-Type: application/json; charset=utf-8
cache-control: no-cache
content-length: 88

16:20:06.710 [AsyncHttpClient-1-2] DEBUG org.asynchttpclient.netty.channel.ChannelManager - Adding key: http://localhost:54632 for channel [id: 0xaff1c1f2, L:/127.0.0.1:8978 - R:localhost/127.0.0.1:54632]
16:20:06.720 [Forwarding getElementTagName on session 8acfd83c2f99f121fbd1f1537d0a4965 to remote] DEBUG org.asynchttpclient.netty.request.NettyRequestSender - Using pooled Channel '[id: 0xaff1c1f2, L:/127.0.0.1:8978 - R:localhost/127.0.0.1:54632]' for 'GET' to 'http://localhost:54632/session/8acfd83c2f99f121fbd1f1537d0a4965/element/ac94aa96-a67e-4d6b-80e4-f8853d008676/name'
16:20:06.720 [Forwarding getElementTagName on session 8acfd83c2f99f121fbd1f1537d0a4965 to remote] DEBUG org.asynchttpclient.netty.request.NettyRequestSender - Using open Channel [id: 0xaff1c1f2, L:/127.0.0.1:8978 - R:localhost/127.0.0.1:54632] for GET '/session/8acfd83c2f99f121fbd1f1537d0a4965/element/ac94aa96-a67e-4d6b-80e4-f8853d008676/name'
16:20:06.727 [AsyncHttpClient-1-2] DEBUG org.asynchttpclient.netty.handler.HttpHandler - 

Request DefaultFullHttpRequest(decodeResult: success, version: HTTP/1.1, content: EmptyByteBufBE)
GET /session/8acfd83c2f99f121fbd1f1537d0a4965/element/ac94aa96-a67e-4d6b-80e4-f8853d008676/name HTTP/1.1
User-Agent: selenium/4.1.2 (java windows)
Cache-Control: no-cache
Content-Type: application/json; charset=utf-8
host: localhost:54632
accept: */*

Response DefaultHttpResponse(decodeResult: success, version: HTTP/1.1)
HTTP/1.1 200 OK
Content-Type: application/json; charset=utf-8
cache-control: no-cache
content-length: 15

16:20:06.727 [AsyncHttpClient-1-2] DEBUG org.asynchttpclient.netty.channel.ChannelManager - Adding key: http://localhost:54632 for channel [id: 0xaff1c1f2, L:/127.0.0.1:8978 - R:localhost/127.0.0.1:54632]
16:20:06.735 [Forwarding getElementTagName on session 8acfd83c2f99f121fbd1f1537d0a4965 to remote] DEBUG org.asynchttpclient.netty.request.NettyRequestSender - Using pooled Channel '[id: 0xaff1c1f2, L:/127.0.0.1:8978 - R:localhost/127.0.0.1:54632]' for 'GET' to 'http://localhost:54632/session/8acfd83c2f99f121fbd1f1537d0a4965/element/ac94aa96-a67e-4d6b-80e4-f8853d008676/name'
16:20:06.735 [Forwarding getElementTagName on session 8acfd83c2f99f121fbd1f1537d0a4965 to remote] DEBUG org.asynchttpclient.netty.request.NettyRequestSender - Using open Channel [id: 0xaff1c1f2, L:/127.0.0.1:8978 - R:localhost/127.0.0.1:54632] for GET '/session/8acfd83c2f99f121fbd1f1537d0a4965/element/ac94aa96-a67e-4d6b-80e4-f8853d008676/name'
16:20:06.741 [AsyncHttpClient-1-2] DEBUG org.asynchttpclient.netty.handler.HttpHandler - 

Request DefaultFullHttpRequest(decodeResult: success, version: HTTP/1.1, content: EmptyByteBufBE)
GET /session/8acfd83c2f99f121fbd1f1537d0a4965/element/ac94aa96-a67e-4d6b-80e4-f8853d008676/name HTTP/1.1
User-Agent: selenium/4.1.2 (java windows)
Cache-Control: no-cache
Content-Type: application/json; charset=utf-8
host: localhost:54632
accept: */*

Response DefaultHttpResponse(decodeResult: success, version: HTTP/1.1)
HTTP/1.1 200 OK
Content-Type: application/json; charset=utf-8
cache-control: no-cache
content-length: 15

16:20:06.742 [AsyncHttpClient-1-2] DEBUG org.asynchttpclient.netty.channel.ChannelManager - Adding key: http://localhost:54632 for channel [id: 0xaff1c1f2, L:/127.0.0.1:8978 - R:localhost/127.0.0.1:54632]
16:20:06.747 [Forwarding findElement on session 8acfd83c2f99f121fbd1f1537d0a4965 to remote] DEBUG org.asynchttpclient.netty.request.NettyRequestSender - Using pooled Channel '[id: 0xaff1c1f2, L:/127.0.0.1:8978 - R:localhost/127.0.0.1:54632]' for 'POST' to 'http://localhost:54632/session/8acfd83c2f99f121fbd1f1537d0a4965/element'
16:20:06.747 [Forwarding findElement on session 8acfd83c2f99f121fbd1f1537d0a4965 to remote] DEBUG org.asynchttpclient.netty.request.NettyRequestSender - Using open Channel [id: 0xaff1c1f2, L:/127.0.0.1:8978 - R:localhost/127.0.0.1:54632] for POST '/session/8acfd83c2f99f121fbd1f1537d0a4965/element'
16:20:06.768 [AsyncHttpClient-1-2] DEBUG org.asynchttpclient.netty.handler.HttpHandler - 

Request DefaultHttpRequest(decodeResult: success, version: HTTP/1.1)
POST /session/8acfd83c2f99f121fbd1f1537d0a4965/element HTTP/1.1
User-Agent: selenium/4.1.2 (java windows)
Content-Length: 81
Content-Type: application/json; charset=utf-8
host: localhost:54632
accept: */*

Response DefaultHttpResponse(decodeResult: success, version: HTTP/1.1)
HTTP/1.1 200 OK
Content-Type: application/json; charset=utf-8
cache-control: no-cache
content-length: 88

16:20:06.768 [AsyncHttpClient-1-2] DEBUG org.asynchttpclient.netty.channel.ChannelManager - Adding key: http://localhost:54632 for channel [id: 0xaff1c1f2, L:/127.0.0.1:8978 - R:localhost/127.0.0.1:54632]
16:20:06.788 [Forwarding clickElement on session 8acfd83c2f99f121fbd1f1537d0a4965 to remote] DEBUG org.asynchttpclient.netty.request.NettyRequestSender - Using pooled Channel '[id: 0xaff1c1f2, L:/127.0.0.1:8978 - R:localhost/127.0.0.1:54632]' for 'POST' to 'http://localhost:54632/session/8acfd83c2f99f121fbd1f1537d0a4965/element/ac94aa96-a67e-4d6b-80e4-f8853d008676/click'
16:20:06.790 [Forwarding clickElement on session 8acfd83c2f99f121fbd1f1537d0a4965 to remote] DEBUG org.asynchttpclient.netty.request.NettyRequestSender - Using open Channel [id: 0xaff1c1f2, L:/127.0.0.1:8978 - R:localhost/127.0.0.1:54632] for POST '/session/8acfd83c2f99f121fbd1f1537d0a4965/element/ac94aa96-a67e-4d6b-80e4-f8853d008676/click'
16:20:07.264 [AsyncHttpClient-1-2] DEBUG org.asynchttpclient.netty.handler.HttpHandler - 

Request DefaultHttpRequest(decodeResult: success, version: HTTP/1.1)
POST /session/8acfd83c2f99f121fbd1f1537d0a4965/element/ac94aa96-a67e-4d6b-80e4-f8853d008676/click HTTP/1.1
User-Agent: selenium/4.1.2 (java windows)
Content-Length: 50
Content-Type: application/json; charset=utf-8
host: localhost:54632
accept: */*

Response DefaultHttpResponse(decodeResult: success, version: HTTP/1.1)
HTTP/1.1 200 OK
Content-Type: application/json; charset=utf-8
cache-control: no-cache
content-length: 14

16:20:07.266 [AsyncHttpClient-1-2] DEBUG org.asynchttpclient.netty.channel.ChannelManager - Adding key: http://localhost:54632 for channel [id: 0xaff1c1f2, L:/127.0.0.1:8978 - R:localhost/127.0.0.1:54632]
  &amp#27;[32mThen &amp#27;[0m&amp#27;[32mI will get information&amp#27;[0m                      &amp#27;[90m# starter.stepdefinitions.CollectionStep.iWillGetPageMessage()&amp#27;[0m
16:20:07.291 [Forwarding screenshot on session 8acfd83c2f99f121fbd1f1537d0a4965 to remote] DEBUG org.asynchttpclient.netty.request.NettyRequestSender - Using pooled Channel '[id: 0xaff1c1f2, L:/127.0.0.1:8978 - R:localhost/127.0.0.1:54632]' for 'GET' to 'http://localhost:54632/session/8acfd83c2f99f121fbd1f1537d0a4965/screenshot'
16:20:07.291 [Forwarding screenshot on session 8acfd83c2f99f121fbd1f1537d0a4965 to remote] DEBUG org.asynchttpclient.netty.request.NettyRequestSender - Using open Channel [id: 0xaff1c1f2, L:/127.0.0.1:8978 - R:localhost/127.0.0.1:54632] for GET '/session/8acfd83c2f99f121fbd1f1537d0a4965/screenshot'
16:20:07.606 [AsyncHttpClient-1-2] DEBUG org.asynchttpclient.netty.handler.HttpHandler - 

Request DefaultFullHttpRequest(decodeResult: success, version: HTTP/1.1, content: EmptyByteBufBE)
GET /session/8acfd83c2f99f121fbd1f1537d0a4965/screenshot HTTP/1.1
User-Agent: selenium/4.1.2 (java windows)
Cache-Control: no-cache
Content-Type: application/json; charset=utf-8
host: localhost:54632
accept: */*

Response DefaultHttpResponse(decodeResult: success, version: HTTP/1.1)
HTTP/1.1 200 OK
Content-Type: application/json; charset=utf-8
cache-control: no-cache
content-length: 173248

16:20:07.609 [AsyncHttpClient-1-2] DEBUG org.asynchttpclient.netty.channel.ChannelManager - Adding key: http://localhost:54632 for channel [id: 0xaff1c1f2, L:/127.0.0.1:8978 - R:localhost/127.0.0.1:54632]
16:20:07.621 [main] DEBUG net.serenitybdd.core.photography.Darkroom - Send negative for processing for target\site\serenity\de4bce3ef01e218743ad4051f5e47b94f69b8340af436538dd7acc59a6cd2f7c.png
16:20:07.633 [main] INFO  - 
  _____   ___   ___   _____     ___     _     ___   ___   ___   ___  
 |_   _| | __| / __| |_   _|   | _ \   /_\   / __| / __| | __| |   \ 
   | |   | _|  \__ \   | |     |  _/  / _ \  \__ \ \__ \ | _|  | |) |
   |_|   |___| |___/   |_|     |_|   /_/ \_\ |___/ |___/ |___| |___/ 

See Information of Git Pocket Guide Book
----------------------------------------------------------------------
16:20:07.638 [Darkroom Processing Line] DEBUG net.serenitybdd.core.photography.DarkroomProcessingLine - Processing screenshot image in /var/screenshots/screenshot-1264932392964153178
16:20:07.651 [Darkroom Processing Line] DEBUG net.serenitybdd.core.photography.DarkroomProcessingLine - Saving screenshot to target\site\serenity\de4bce3ef01e218743ad4051f5e47b94f69b8340af436538dd7acc59a6cd2f7c.png
16:20:07.689 [AsyncHttpClient-1-1] DEBUG org.asynchttpclient.netty.channel.DefaultChannelPool - Entry count for : http://localhost:8982 : 1
16:20:07.689 [AsyncHttpClient-1-1] DEBUG org.asynchttpclient.netty.channel.DefaultChannelPool - Entry count for : http://localhost:54632 : 1
16:20:08.169 [AsyncHttpClient-1-4] DEBUG org.asynchttpclient.netty.handler.WebSocketHandler - Channel Closed: [id: 0x3089c682, L:/127.0.0.1:9000 ! R:localhost/127.0.0.1:8982] with attribute NettyResponseFuture{currentRetry=5,
	isDone=1,
	isCancelled=0,
	asyncHandler=org.asynchttpclient.ws.WebSocketUpgradeHandler@b9533ac,
	nettyRequest=org.asynchttpclient.netty.request.NettyRequest@e05c249,
	future=java.util.concurrent.CompletableFuture@4c6a7881[Completed normally],
	uri=ws://localhost:8982/devtools/browser/e18e50ee-284d-4229-8d3b-38266b120a56,
	keepAlive=true,
	redirectCount=0,
	timeoutsHolder=null,
	inAuth=0,
	touch=1664875178998}
16:20:08.170 [AsyncHttpClient-1-4] DEBUG org.asynchttpclient.netty.channel.ChannelManager - Closing Channel [id: 0x3089c682, L:/127.0.0.1:9000 ! R:localhost/127.0.0.1:8982] 
16:20:08.181 [Driver Command Executor] DEBUG org.asynchttpclient.netty.request.NettyRequestSender - Using pooled Channel '[id: 0xaff1c1f2, L:/127.0.0.1:8978 - R:localhost/127.0.0.1:54632]' for 'DELETE' to 'http://localhost:54632/session/8acfd83c2f99f121fbd1f1537d0a4965'
16:20:08.181 [Driver Command Executor] DEBUG org.asynchttpclient.netty.request.NettyRequestSender - Using open Channel [id: 0xaff1c1f2, L:/127.0.0.1:8978 - R:localhost/127.0.0.1:54632] for DELETE '/session/8acfd83c2f99f121fbd1f1537d0a4965'
16:20:08.800 [AsyncHttpClient-1-1] DEBUG org.asynchttpclient.netty.channel.DefaultChannelPool - Entry count for : http://localhost:8982 : 1
16:20:08.972 [AsyncHttpClient-1-3] DEBUG org.asynchttpclient.netty.handler.HttpHandler - Unexpected I/O exception on channel [id: 0x268717d6, L:/127.0.0.1:8999 - R:localhost/127.0.0.1:8982]
java.io.IOException: An existing connection was forcibly closed by the remote host
	at java.base/sun.nio.ch.SocketDispatcher.read0(Native Method)
	at java.base/sun.nio.ch.SocketDispatcher.read(SocketDispatcher.java:43)
	at java.base/sun.nio.ch.IOUtil.readIntoNativeBuffer(IOUtil.java:276)
	at java.base/sun.nio.ch.IOUtil.read(IOUtil.java:233)
	at java.base/sun.nio.ch.IOUtil.read(IOUtil.java:223)
	at java.base/sun.nio.ch.SocketChannelImpl.read(SocketChannelImpl.java:358)
	at io.netty.buffer.PooledByteBuf.setBytes(PooledByteBuf.java:258)
	at io.netty.buffer.AbstractByteBuf.writeBytes(AbstractByteBuf.java:1132)
	at io.netty.channel.socket.nio.NioSocketChannel.doReadBytes(NioSocketChannel.java:350)
	at io.netty.channel.nio.AbstractNioByteChannel$NioByteUnsafe.read(AbstractNioByteChannel.java:151)
	at io.netty.channel.nio.NioEventLoop.processSelectedKey(NioEventLoop.java:722)
	at io.netty.channel.nio.NioEventLoop.processSelectedKeysOptimized(NioEventLoop.java:658)
	at io.netty.channel.nio.NioEventLoop.processSelectedKeys(NioEventLoop.java:584)
	at io.netty.channel.nio.NioEventLoop.run(NioEventLoop.java:496)
	at io.netty.util.concurrent.SingleThreadEventExecutor$4.run(SingleThreadEventExecutor.java:986)
	at io.netty.util.internal.ThreadExecutorMap$2.run(ThreadExecutorMap.java:74)
	at io.netty.util.concurrent.FastThreadLocalRunnable.run(FastThreadLocalRunnable.java:30)
	at java.base/java.lang.Thread.run(Thread.java:834)
16:20:08.972 [AsyncHttpClient-1-3] DEBUG org.asynchttpclient.netty.channel.ChannelManager - Closing Channel [id: 0x268717d6, L:/127.0.0.1:8999 - R:localhost/127.0.0.1:8982] 
16:20:08.975 [AsyncHttpClient-1-3] DEBUG org.asynchttpclient.netty.handler.HttpHandler - Channel Closed: [id: 0x268717d6, L:/127.0.0.1:8999 ! R:localhost/127.0.0.1:8982] with attribute DISCARD
16:20:09.002 [AsyncHttpClient-1-2] DEBUG org.asynchttpclient.netty.handler.HttpHandler - 

Request DefaultFullHttpRequest(decodeResult: success, version: HTTP/1.1, content: EmptyByteBufBE)
DELETE /session/8acfd83c2f99f121fbd1f1537d0a4965 HTTP/1.1
User-Agent: selenium/4.1.2 (java windows)
Content-Type: application/json; charset=utf-8
host: localhost:54632
accept: */*

Response DefaultHttpResponse(decodeResult: success, version: HTTP/1.1)
HTTP/1.1 200 OK
Content-Type: application/json; charset=utf-8
cache-control: no-cache
content-length: 14

16:20:09.002 [AsyncHttpClient-1-2] DEBUG org.asynchttpclient.netty.channel.ChannelManager - Adding key: http://localhost:54632 for channel [id: 0xaff1c1f2, L:/127.0.0.1:8978 - R:localhost/127.0.0.1:54632]
16:20:09.234 [AsyncHttpClient-1-2] DEBUG org.asynchttpclient.netty.handler.HttpHandler - Channel Closed: [id: 0xaff1c1f2, L:/127.0.0.1:8978 ! R:localhost/127.0.0.1:54632] with attribute DISCARD
]]></system-out>
    <system-err><![CDATA[Starting Microsoft Edge WebDriver 105.0.1343.53 (3a47f00402d579c8ba1fad7e143f9d73831b6765) on port 54632
To submit feedback, report a bug, or suggest new features, please visit https://github.com/MicrosoftEdge/EdgeWebDriver

Only local connections are allowed.
Please see https://aka.ms/WebDriverSecurity for suggestions on keeping Microsoft Edge WebDriver safe.

Microsoft Edge WebDriver was started successfully.
Oct 04, 2022 4:19:38 PM org.openqa.selenium.remote.ProtocolHandshake createSession
INFO: Detected dialect: W3C
Oct 04, 2022 4:19:39 PM org.openqa.selenium.devtools.CdpVersionFinder findNearestMatch
WARNING: Unable to find an exact match for CDP version 105, so returning the closest version found: a no-op implementation
Oct 04, 2022 4:19:39 PM org.openqa.selenium.devtools.CdpVersionFinder findNearestMatch
INFO: Unable to find CDP implementation matching 105.
Oct 04, 2022 4:19:39 PM org.openqa.selenium.chromium.ChromiumDriver lambda$new$3
WARNING: Unable to find version of CDP to use for . You may need to include a dependency on a specific version of the CDP using something similar to `org.seleniumhq.selenium:selenium-devtools-v86:4.1.2` where the version ("v86") matches the version of the chromium-based browser you're using and the version number of the artifact is the same as Selenium's.
]]></system-err>
  </testcase>
  <testcase name="See Information of Learning JavaScript Design Patterns Book" classname="See Information" time="19.713">
    <system-out><![CDATA[
Scenario: See Information of Learning JavaScript Design Patterns Book &amp#27;[90m# src/test/resources/features/CartToCollection.feature:11&amp#27;[0m
16:20:09.394 [main] INFO io.cucumber.core.plugin.SerenityReporter - Running feature from file:///D:/File%20Baru/Kuliah/Quality%20Engineer/qe_Bayu-Septyan-Nur-Hidayat/21_Review_Web_UI_Testing_with_Serenity/Praktikum/untitled/src/test/resources/features/CartToCollection.feature
16:20:09.402 [main] INFO  - 
  _____   ___   ___   _____     ___   _____     _     ___   _____   ___   ___  
 |_   _| | __| / __| |_   _|   / __| |_   _|   /_\   | _ \ |_   _| | __| |   \ 
   | |   | _|  \__ \   | |     \__ \   | |    / _ \  |   /   | |   | _|  | |) |
   |_|   |___| |___/   |_|     |___/   |_|   /_/ \_\ |_|_\   |_|   |___| |___/ 

See Information of Learning JavaScript Design Patterns Book(see-information;see-information-of-learning-javascript-design-patterns-book)
--------------------------------------------------------------------------------
16:20:09.863 [AsyncHttpClient-1-1] DEBUG org.asynchttpclient.netty.channel.DefaultChannelPool - Entry count for : http://localhost:8982 : 1
16:20:09.863 [AsyncHttpClient-1-1] DEBUG org.asynchttpclient.netty.channel.DefaultChannelPool - Entry count for : http://localhost:54632 : 1
16:20:09.863 [AsyncHttpClient-1-1] DEBUG org.asynchttpclient.netty.channel.DefaultChannelPool - Adding Candidate expired Channel [id: 0x268717d6, L:/127.0.0.1:8999 ! R:localhost/127.0.0.1:8982] isIdleTimeoutExpired=false isRemotelyClosed=true isTtlExpired=false
16:20:09.863 [AsyncHttpClient-1-1] DEBUG org.asynchttpclient.netty.channel.DefaultChannelPool - Closing Idle Channel [id: 0x268717d6, L:/127.0.0.1:8999 ! R:localhost/127.0.0.1:8982]
[...]
User-Agent: selenium/4.1.2 (java windows)
Cache-Control: no-cache
Content-Type: application/json; charset=utf-8
host: localhost:62329
accept: */*

Response DefaultHttpResponse(decodeResult: success, version: HTTP/1.1)
HTTP/1.1 200 OK
Content-Type: application/json; charset=utf-8
cache-control: no-cache
content-length: 18

16:24:02.553 [AsyncHttpClient-1-3] DEBUG org.asynchttpclient.netty.channel.ChannelManager - Adding key: http://localhost:62329 for channel [id: 0xe7504652, L:/127.0.0.1:10595 - R:localhost/127.0.0.1:62329]
16:24:02.557 [Forwarding isElementEnabled on session db78499201f499c0257b38cc89b611e7 to remote] DEBUG org.asynchttpclient.netty.request.NettyRequestSender - Using pooled Channel '[id: 0xe7504652, L:/127.0.0.1:10595 - R:localhost/127.0.0.1:62329]' for 'GET' to 'http://localhost:62329/session/db78499201f499c0257b38cc89b611e7/element/1d78a3c4-4e45-4076-b5ce-3370611b5233/enabled'
16:24:02.557 [Forwarding isElementEnabled on session db78499201f499c0257b38cc89b611e7 to remote] DEBUG org.asynchttpclient.netty.request.NettyRequestSender - Using open Channel [id: 0xe7504652, L:/127.0.0.1:10595 - R:localhost/127.0.0.1:62329] for GET '/session/db78499201f499c0257b38cc89b611e7/element/1d78a3c4-4e45-4076-b5ce-3370611b5233/enabled'
16:24:02.569 [AsyncHttpClient-1-3] DEBUG org.asynchttpclient.netty.handler.HttpHandler - 

Request DefaultFullHttpRequest(decodeResult: success, version: HTTP/1.1, content: EmptyByteBufBE)
GET /session/db78499201f499c0257b38cc89b611e7/element/1d78a3c4-4e45-4076-b5ce-3370611b5233/enabled HTTP/1.1
User-Agent: selenium/4.1.2 (java windows)
Cache-Control: no-cache
Content-Type: application/json; charset=utf-8
host: localhost:62329
accept: */*

Response DefaultHttpResponse(decodeResult: success, version: HTTP/1.1)
HTTP/1.1 200 OK
Content-Type: application/json; charset=utf-8
cache-control: no-cache
content-length: 14

16:24:02.570 [AsyncHttpClient-1-3] DEBUG org.asynchttpclient.netty.channel.ChannelManager - Adding key: http://localhost:62329 for channel [id: 0xe7504652, L:/127.0.0.1:10595 - R:localhost/127.0.0.1:62329]
16:24:02.571 [Forwarding isElementEnabled on session db78499201f499c0257b38cc89b611e7 to remote] DEBUG org.asynchttpclient.netty.request.NettyRequestSender - Using pooled Channel '[id: 0xe7504652, L:/127.0.0.1:10595 - R:localhost/127.0.0.1:62329]' for 'GET' to 'http://localhost:62329/session/db78499201f499c0257b38cc89b611e7/element/1d78a3c4-4e45-4076-b5ce-3370611b5233/enabled'
16:24:02.572 [Forwarding isElementEnabled on session db78499201f499c0257b38cc89b611e7 to remote] DEBUG org.asynchttpclient.netty.request.NettyRequestSender - Using open Channel [id: 0xe7504652, L:/127.0.0.1:10595 - R:localhost/127.0.0.1:62329] for GET '/session/db78499201f499c0257b38cc89b611e7/element/1d78a3c4-4e45-4076-b5ce-3370611b5233/enabled'
16:24:02.593 [AsyncHttpClient-1-3] DEBUG org.asynchttpclient.netty.handler.HttpHandler - 

Request DefaultFullHttpRequest(decodeResult: success, version: HTTP/1.1, content: EmptyByteBufBE)
GET /session/db78499201f499c0257b38cc89b611e7/element/1d78a3c4-4e45-4076-b5ce-3370611b5233/enabled HTTP/1.1
User-Agent: selenium/4.1.2 (java windows)
Cache-Control: no-cache
Content-Type: application/json; charset=utf-8
host: localhost:62329
accept: */*

Response DefaultHttpResponse(decodeResult: success, version: HTTP/1.1)
HTTP/1.1 200 OK
Content-Type: application/json; charset=utf-8
cache-control: no-cache
content-length: 14

16:24:02.593 [AsyncHttpClient-1-3] DEBUG org.asynchttpclient.netty.channel.ChannelManager - Adding key: http://localhost:62329 for channel [id: 0xe7504652, L:/127.0.0.1:10595 - R:localhost/127.0.0.1:62329]
16:24:02.598 [Forwarding findElement on session db78499201f499c0257b38cc89b611e7 to remote] DEBUG org.asynchttpclient.netty.request.NettyRequestSender - Using pooled Channel '[id: 0xe7504652, L:/127.0.0.1:10595 - R:localhost/127.0.0.1:62329]' for 'POST' to 'http://localhost:62329/session/db78499201f499c0257b38cc89b611e7/element'
16:24:02.598 [Forwarding findElement on session db78499201f499c0257b38cc89b611e7 to remote] DEBUG org.asynchttpclient.netty.request.NettyRequestSender - Using open Channel [id: 0xe7504652, L:/127.0.0.1:10595 - R:localhost/127.0.0.1:62329] for POST '/session/db78499201f499c0257b38cc89b611e7/element'
16:24:02.609 [AsyncHttpClient-1-3] DEBUG org.asynchttpclient.netty.handler.HttpHandler - 

Request DefaultHttpRequest(decodeResult: success, version: HTTP/1.1)
POST /session/db78499201f499c0257b38cc89b611e7/element HTTP/1.1
User-Agent: selenium/4.1.2 (java windows)
Content-Length: 50
Content-Type: application/json; charset=utf-8
host: localhost:62329
accept: */*

Response DefaultHttpResponse(decodeResult: success, version: HTTP/1.1)
HTTP/1.1 200 OK
Content-Type: application/json; charset=utf-8
cache-control: no-cache
content-length: 88

16:24:02.614 [AsyncHttpClient-1-3] DEBUG org.asynchttpclient.netty.channel.ChannelManager - Adding key: http://localhost:62329 for channel [id: 0xe7504652, L:/127.0.0.1:10595 - R:localhost/127.0.0.1:62329]
16:24:02.616 [Forwarding clickElement on session db78499201f499c0257b38cc89b611e7 to remote] DEBUG org.asynchttpclient.netty.request.NettyRequestSender - Using pooled Channel '[id: 0xe7504652, L:/127.0.0.1:10595 - R:localhost/127.0.0.1:62329]' for 'POST' to 'http://localhost:62329/session/db78499201f499c0257b38cc89b611e7/element/1d78a3c4-4e45-4076-b5ce-3370611b5233/click'
16:24:02.616 [Forwarding clickElement on session db78499201f499c0257b38cc89b611e7 to remote] DEBUG org.asynchttpclient.netty.request.NettyRequestSender - Using open Channel [id: 0xe7504652, L:/127.0.0.1:10595 - R:localhost/127.0.0.1:62329] for POST '/session/db78499201f499c0257b38cc89b611e7/element/1d78a3c4-4e45-4076-b5ce-3370611b5233/click'
16:24:02.690 [AsyncHttpClient-1-3] DEBUG org.asynchttpclient.netty.handler.HttpHandler - 

Request DefaultHttpRequest(decodeResult: success, version: HTTP/1.1)
POST /session/db78499201f499c0257b38cc89b611e7/element/1d78a3c4-4e45-4076-b5ce-3370611b5233/click HTTP/1.1
User-Agent: selenium/4.1.2 (java windows)
Content-Length: 50
Content-Type: application/json; charset=utf-8
host: localhost:62329
accept: */*

Response DefaultHttpResponse(decodeResult: success, version: HTTP/1.1)
HTTP/1.1 200 OK
Content-Type: application/json; charset=utf-8
cache-control: no-cache
content-length: 14

16:24:02.690 [AsyncHttpClient-1-3] DEBUG org.asynchttpclient.netty.channel.ChannelManager - Adding key: http://localhost:62329 for channel [id: 0xe7504652, L:/127.0.0.1:10595 - R:localhost/127.0.0.1:62329]
  &amp#27;[32mAnd &amp#27;[0m&amp#27;[32mI click Login button&amp#27;[0m                               &amp#27;[90m# starter.stepdefinitions.LoginStep.iClickLoginButton()&amp#27;[0m
16:24:02.706 [Forwarding screenshot on session db78499201f499c0257b38cc89b611e7 to remote] DEBUG org.asynchttpclient.netty.request.NettyRequestSender - Using pooled Channel '[id: 0xe7504652, L:/127.0.0.1:10595 - R:localhost/127.0.0.1:62329]' for 'GET' to 'http://localhost:62329/session/db78499201f499c0257b38cc89b611e7/screenshot'
16:24:02.706 [Forwarding screenshot on session db78499201f499c0257b38cc89b611e7 to remote] DEBUG org.asynchttpclient.netty.request.NettyRequestSender - Using open Channel [id: 0xe7504652, L:/127.0.0.1:10595 - R:localhost/127.0.0.1:62329] for GET '/session/db78499201f499c0257b38cc89b611e7/screenshot'
16:24:02.915 [AsyncHttpClient-1-3] DEBUG org.asynchttpclient.netty.handler.HttpHandler - 

Request DefaultFullHttpRequest(decodeResult: success, version: HTTP/1.1, content: EmptyByteBufBE)
GET /session/db78499201f499c0257b38cc89b611e7/screenshot HTTP/1.1
User-Agent: selenium/4.1.2 (java windows)
Cache-Control: no-cache
Content-Type: application/json; charset=utf-8
host: localhost:62329
accept: */*

Response DefaultHttpResponse(decodeResult: success, version: HTTP/1.1)
HTTP/1.1 200 OK
Content-Type: application/json; charset=utf-8
cache-control: no-cache
content-length: 289076

16:24:02.916 [AsyncHttpClient-1-3] DEBUG org.asynchttpclient.netty.channel.ChannelManager - Adding key: http://localhost:62329 for channel [id: 0xe7504652, L:/127.0.0.1:10595 - R:localhost/127.0.0.1:62329]
16:24:02.932 [main] DEBUG net.serenitybdd.core.photography.Darkroom - Send negative for processing for target\site\serenity\48c1538f4b62b41782e5d06eb5855d7aea980210b726edff6acfa3a890792278.png
16:24:02.935 [Darkroom Processing Line] DEBUG net.serenitybdd.core.photography.DarkroomProcessingLine - Processing screenshot image in /var/screenshots/screenshot-706907423432651990
16:24:02.936 [Darkroom Processing Line] DEBUG net.serenitybdd.core.photography.DarkroomProcessingLine - Saving screenshot to target\site\serenity\48c1538f4b62b41782e5d06eb5855d7aea980210b726edff6acfa3a890792278.png
16:24:02.945 [Forwarding findElement on session db78499201f499c0257b38cc89b611e7 to remote] DEBUG org.asynchttpclient.netty.request.NettyRequestSender - Using pooled Channel '[id: 0xe7504652, L:/127.0.0.1:10595 - R:localhost/127.0.0.1:62329]' for 'POST' to 'http://localhost:62329/session/db78499201f499c0257b38cc89b611e7/element'
16:24:02.945 [Forwarding findElement on session db78499201f499c0257b38cc89b611e7 to remote] DEBUG org.asynchttpclient.netty.request.NettyRequestSender - Using open Channel [id: 0xe7504652, L:/127.0.0.1:10595 - R:localhost/127.0.0.1:62329] for POST '/session/db78499201f499c0257b38cc89b611e7/element'
16:24:03.066 [AsyncHttpClient-1-1] DEBUG org.asynchttpclient.netty.channel.DefaultChannelPool - Entry count for : http://localhost:10596 : 1
16:24:03.151 [AsyncHttpClient-1-3] DEBUG org.asynchttpclient.netty.handler.HttpHandler - 

Request DefaultHttpRequest(decodeResult: success, version: HTTP/1.1)
POST /session/db78499201f499c0257b38cc89b611e7/element HTTP/1.1
User-Agent: selenium/4.1.2 (java windows)
Content-Length: 65
Content-Type: application/json; charset=utf-8
host: localhost:62329
accept: */*

Response DefaultHttpResponse(decodeResult: success, version: HTTP/1.1)
HTTP/1.1 200 OK
Content-Type: application/json; charset=utf-8
cache-control: no-cache
content-length: 88

16:24:03.151 [AsyncHttpClient-1-3] DEBUG org.asynchttpclient.netty.channel.ChannelManager - Adding key: http://localhost:62329 for channel [id: 0xe7504652, L:/127.0.0.1:10595 - R:localhost/127.0.0.1:62329]
16:24:03.158 [Forwarding isElementDisplayed on session db78499201f499c0257b38cc89b611e7 to remote] DEBUG org.asynchttpclient.netty.request.NettyRequestSender - Using pooled Channel '[id: 0xe7504652, L:/127.0.0.1:10595 - R:localhost/127.0.0.1:62329]' for 'POST' to 'http://localhost:62329/session/db78499201f499c0257b38cc89b611e7/execute/sync'
16:24:03.158 [Forwarding isElementDisplayed on session db78499201f499c0257b38cc89b611e7 to remote] DEBUG org.asynchttpclient.netty.request.NettyRequestSender - Using open Channel [id: 0xe7504652, L:/127.0.0.1:10595 - R:localhost/127.0.0.1:62329] for POST '/session/db78499201f499c0257b38cc89b611e7/execute/sync'
16:24:03.180 [AsyncHttpClient-1-3] DEBUG org.asynchttpclient.netty.handler.HttpHandler - 

Request DefaultHttpRequest(decodeResult: success, version: HTTP/1.1)
POST /session/db78499201f499c0257b38cc89b611e7/execute/sync HTTP/1.1
User-Agent: selenium/4.1.2 (java windows)
Content-Length: 48780
Content-Type: application/json; charset=utf-8
host: localhost:62329
accept: */*

Response DefaultHttpResponse(decodeResult: success, version: HTTP/1.1)
HTTP/1.1 200 OK
Content-Type: application/json; charset=utf-8
cache-control: no-cache
content-length: 14

16:24:03.180 [AsyncHttpClient-1-3] DEBUG org.asynchttpclient.netty.channel.ChannelManager - Adding key: http://localhost:62329 for channel [id: 0xe7504652, L:/127.0.0.1:10595 - R:localhost/127.0.0.1:62329]
  &amp#27;[32mThen &amp#27;[0m&amp#27;[32mI will get error message&amp#27;[0m                          &amp#27;[90m# starter.stepdefinitions.LoginStep.iWillGetErrorMessage()&amp#27;[0m
16:24:03.186 [Forwarding screenshot on session db78499201f499c0257b38cc89b611e7 to remote] DEBUG org.asynchttpclient.netty.request.NettyRequestSender - Using pooled Channel '[id: 0xe7504652, L:/127.0.0.1:10595 - R:localhost/127.0.0.1:62329]' for 'GET' to 'http://localhost:62329/session/db78499201f499c0257b38cc89b611e7/screenshot'
16:24:03.186 [Forwarding screenshot on session db78499201f499c0257b38cc89b611e7 to remote] DEBUG org.asynchttpclient.netty.request.NettyRequestSender - Using open Channel [id: 0xe7504652, L:/127.0.0.1:10595 - R:localhost/127.0.0.1:62329] for GET '/session/db78499201f499c0257b38cc89b611e7/screenshot'
16:24:03.401 [AsyncHttpClient-1-3] DEBUG org.asynchttpclient.netty.handler.HttpHandler - 

Request DefaultFullHttpRequest(decodeResult: success, version: HTTP/1.1, content: EmptyByteBufBE)
GET /session/db78499201f499c0257b38cc89b611e7/screenshot HTTP/1.1
User-Agent: selenium/4.1.2 (java windows)
Cache-Control: no-cache
Content-Type: application/json; charset=utf-8
host: localhost:62329
accept: */*

Response DefaultHttpResponse(decodeResult: success, version: HTTP/1.1)
HTTP/1.1 200 OK
Content-Type: application/json; charset=utf-8
cache-control: no-cache
content-length: 305140

16:24:03.402 [AsyncHttpClient-1-3] DEBUG org.asynchttpclient.netty.channel.ChannelManager - Adding key: http://localhost:62329 for channel [id: 0xe7504652, L:/127.0.0.1:10595 - R:localhost/127.0.0.1:62329]
16:24:03.422 [main] DEBUG net.serenitybdd.core.photography.Darkroom - Send negative for processing for target\site\serenity\a7316105be857a37f353378ee27df68390f6119e23897a88d835d405b4005330.png
16:24:03.426 [main] INFO  - 
  _____   ___   ___   _____     ___     _     ___   ___   ___   ___  
 |_   _| | __| / __| |_   _|   | _ \   /_\   / __| / __| | __| |   \ 
   | |   | _|  \__ \   | |     |  _/  / _ \  \__ \ \__ \ | _|  | |) |
   |_|   |___| |___/   |_|     |_|   /_/ \_\ |___/ |___/ |___| |___/ 

Login with invalid username and valid password
----------------------------------------------------------------------
16:24:03.427 [AsyncHttpClient-1-5] DEBUG org.asynchttpclient.netty.handler.WebSocketHandler - Channel Closed: [id: 0x4ae4ba83, L:/127.0.0.1:10615 ! R:localhost/127.0.0.1:10596] with attribute NettyResponseFuture{currentRetry=5,
	isDone=1,
	isCancelled=0,
	asyncHandler=org.asynchttpclient.ws.WebSocketUpgradeHandler@64cbbe3d,
	nettyRequest=org.asynchttpclient.netty.request.NettyRequest@6d6e3273,
	future=java.util.concurrent.CompletableFuture@4656b847[Completed normally],
	uri=ws://localhost:10596/devtools/browser/fda8d862-ef45-4171-a8b6-41a6a85afe7e,
	keepAlive=true,
	redirectCount=0,
	timeoutsHolder=null,
	inAuth=0,
	touch=1664875428842}
16:24:03.428 [AsyncHttpClient-1-5] DEBUG org.asynchttpclient.netty.channel.ChannelManager - Closing Channel [id: 0x4ae4ba83, L:/127.0.0.1:10615 ! R:localhost/127.0.0.1:10596] 
16:24:03.429 [Darkroom Processing Line] DEBUG net.serenitybdd.core.photography.DarkroomProcessingLine - Processing screenshot image in /var/screenshots/screenshot-16744674050187675697
16:24:03.429 [Darkroom Processing Line] DEBUG net.serenitybdd.core.photography.DarkroomProcessingLine - Saving screenshot to target\site\serenity\a7316105be857a37f353378ee27df68390f6119e23897a88d835d405b4005330.png
16:24:03.432 [Driver Command Executor] DEBUG org.asynchttpclient.netty.request.NettyRequestSender - Using pooled Channel '[id: 0xe7504652, L:/127.0.0.1:10595 - R:localhost/127.0.0.1:62329]' for 'DELETE' to 'http://localhost:62329/session/db78499201f499c0257b38cc89b611e7'
16:24:03.432 [Driver Command Executor] DEBUG org.asynchttpclient.netty.request.NettyRequestSender - Using open Channel [id: 0xe7504652, L:/127.0.0.1:10595 - R:localhost/127.0.0.1:62329] for DELETE '/session/db78499201f499c0257b38cc89b611e7'
16:24:03.652 [AsyncHttpClient-1-4] DEBUG org.asynchttpclient.netty.handler.HttpHandler - Unexpected I/O exception on channel [id: 0xbd0ffaac, L:/127.0.0.1:10614 - R:localhost/127.0.0.1:10596]
java.io.IOException: An existing connection was forcibly closed by the remote host
	at java.base/sun.nio.ch.SocketDispatcher.read0(Native Method)
	at java.base/sun.nio.ch.SocketDispatcher.read(SocketDispatcher.java:43)
	at java.base/sun.nio.ch.IOUtil.readIntoNativeBuffer(IOUtil.java:276)
	at java.base/sun.nio.ch.IOUtil.read(IOUtil.java:233)
	at java.base/sun.nio.ch.IOUtil.read(IOUtil.java:223)
	at java.base/sun.nio.ch.SocketChannelImpl.read(SocketChannelImpl.java:358)
	at io.netty.buffer.PooledByteBuf.setBytes(PooledByteBuf.java:258)
	at io.netty.buffer.AbstractByteBuf.writeBytes(AbstractByteBuf.java:1132)
	at io.netty.channel.socket.nio.NioSocketChannel.doReadBytes(NioSocketChannel.java:350)
	at io.netty.channel.nio.AbstractNioByteChannel$NioByteUnsafe.read(AbstractNioByteChannel.java:151)
	at io.netty.channel.nio.NioEventLoop.processSelectedKey(NioEventLoop.java:722)
	at io.netty.channel.nio.NioEventLoop.processSelectedKeysOptimized(NioEventLoop.java:658)
	at io.netty.channel.nio.NioEventLoop.processSelectedKeys(NioEventLoop.java:584)
	at io.netty.channel.nio.NioEventLoop.run(NioEventLoop.java:496)
	at io.netty.util.concurrent.SingleThreadEventExecutor$4.run(SingleThreadEventExecutor.java:986)
	at io.netty.util.internal.ThreadExecutorMap$2.run(ThreadExecutorMap.java:74)
	at io.netty.util.concurrent.FastThreadLocalRunnable.run(FastThreadLocalRunnable.java:30)
	at java.base/java.lang.Thread.run(Thread.java:834)
16:24:03.653 [AsyncHttpClient-1-4] DEBUG org.asynchttpclient.netty.channel.ChannelManager - Closing Channel [id: 0xbd0ffaac, L:/127.0.0.1:10614 - R:localhost/127.0.0.1:10596] 
16:24:03.653 [AsyncHttpClient-1-4] DEBUG org.asynchttpclient.netty.handler.HttpHandler - Channel Closed: [id: 0xbd0ffaac, L:/127.0.0.1:10614 ! R:localhost/127.0.0.1:10596] with attribute DISCARD
16:24:03.714 [AsyncHttpClient-1-3] DEBUG org.asynchttpclient.netty.handler.HttpHandler - 

Request DefaultFullHttpRequest(decodeResult: success, version: HTTP/1.1, content: EmptyByteBufBE)
DELETE /session/db78499201f499c0257b38cc89b611e7 HTTP/1.1
User-Agent: selenium/4.1.2 (java windows)
Content-Type: application/json; charset=utf-8
host: localhost:62329
accept: */*

Response DefaultHttpResponse(decodeResult: success, version: HTTP/1.1)
HTTP/1.1 200 OK
Content-Type: application/json; charset=utf-8
cache-control: no-cache
content-length: 14

16:24:03.715 [AsyncHttpClient-1-3] DEBUG org.asynchttpclient.netty.channel.ChannelManager - Adding key: http://localhost:62329 for channel [id: 0xe7504652, L:/127.0.0.1:10595 - R:localhost/127.0.0.1:62329]
16:24:03.930 [AsyncHttpClient-1-3] DEBUG org.asynchttpclient.netty.handler.HttpHandler - Channel Closed: [id: 0xe7504652, L:/127.0.0.1:10595 ! R:localhost/127.0.0.1:62329] with attribute DISCARD
]]></system-out>
    <system-err><![CDATA[Starting Microsoft Edge WebDriver 105.0.1343.53 (3a47f00402d579c8ba1fad7e143f9d73831b6765) on port 62329
To submit feedback, report a bug, or suggest new features, please visit https://github.com/MicrosoftEdge/EdgeWebDriver

Only local connections are allowed.
Please see https://aka.ms/WebDriverSecurity for suggestions on keeping Microsoft Edge WebDriver safe.

Microsoft Edge WebDriver was started successfully.
Oct 04, 2022 4:23:48 PM org.openqa.selenium.remote.ProtocolHandshake createSession
INFO: Detected dialect: W3C
Oct 04, 2022 4:23:48 PM org.openqa.selenium.devtools.CdpVersionFinder findNearestMatch
WARNING: Unable to find an exact match for CDP version 105, so returning the closest version found: a no-op implementation
Oct 04, 2022 4:23:48 PM org.openqa.selenium.devtools.CdpVersionFinder findNearestMatch
INFO: Unable to find CDP implementation matching 105.
Oct 04, 2022 4:23:48 PM org.openqa.selenium.chromium.ChromiumDriver lambda$new$3
WARNING: Unable to find version of CDP to use for . You may need to include a dependency on a specific version of the CDP using something similar to `org.seleniumhq.selenium:selenium-devtools-v86:4.1.2` where the version ("v86") matches the version of the chromium-based browser you're using and the version number of the artifact is the same as Selenium's.
]]></system-err>
  </testcase>
</testsuite>