<?xml version="1.0" encoding="UTF-8" standalone="no"?><testsuite errors="0" failures="0" name="See Information" skipped="0" tests="8" time="206.36" timestamp="2022-10-04 04:19:17"><testcase name="See Information of Git Pocket Guide Book"/><testcase name="See Information of Learning JavaScript Design Patterns Book"/><testcase name="See Information of Designing Evolvable Web APIs with ASP.NET Book"/><testcase name="See Information of Speaking JavaScript Book"/><testcase name="See Information of You Don't Know JS Book"/><testcase name="See Information of Programming JavaScript Applications Book"/><testcase name="See Information of Eloquent JavaScript, Second Edition Book"/><testcase name="See Information of Understanding ECMAScript 6 Book"/></testsuite>